作业开始时间: 2025年 07月 27日 星期日 15:00:12 CST
节点信息: master
GPU信息:
Sun Jul 27 15:00:12 2025       
+-----------------------------------------------------------------------------------------+
| NVIDIA-SMI 555.52.04              Driver Version: 555.52.04      CUDA Version: 12.5     |
|-----------------------------------------+------------------------+----------------------+
| GPU  Name                 Persistence-M | Bus-Id          Disp.A | Volatile Uncorr. ECC |
| Fan  Temp   Perf          Pwr:Usage/Cap |           Memory-Usage | GPU-Util  Compute M. |
|                                         |                        |               MIG M. |
|=========================================+========================+======================|
|   0  NVIDIA GeForce RTX 3090        Off |   00000000:31:00.0 Off |                  N/A |
| 30%   30C    P8             17W /  350W |      12MiB /  24576MiB |      0%      Default |
|                                         |                        |                  N/A |
+-----------------------------------------+------------------------+----------------------+
|   1  NVIDIA GeForce RTX 3090        Off |   00000000:4B:00.0 Off |                  N/A |
| 30%   28C    P8             25W /  350W |      11MiB /  24576MiB |      0%      Default |
|                                         |                        |                  N/A |
+-----------------------------------------+------------------------+----------------------+
|   2  NVIDIA GeForce RTX 3090        Off |   00000000:B1:00.0 Off |                  N/A |
| 30%   30C    P8             18W /  350W |      11MiB /  24576MiB |      0%      Default |
|                                         |                        |                  N/A |
+-----------------------------------------+------------------------+----------------------+
|   3  NVIDIA GeForce RTX 3090        Off |   00000000:CA:00.0 Off |                  N/A |
| 30%   28C    P8             19W /  350W |      11MiB /  24576MiB |      0%      Default |
|                                         |                        |                  N/A |
+-----------------------------------------+------------------------+----------------------+
                                                                                         
+-----------------------------------------------------------------------------------------+
| Processes:                                                                              |
|  GPU   GI   CI        PID   Type   Process name                              GPU Memory |
|        ID   ID                                                               Usage      |
|=========================================================================================|
|    0   N/A  N/A      2071      G   /usr/lib/xorg/Xorg                              5MiB |
|    1   N/A  N/A      2071      G   /usr/lib/xorg/Xorg                              4MiB |
|    2   N/A  N/A      2071      G   /usr/lib/xorg/Xorg                              4MiB |
|    3   N/A  N/A      2071      G   /usr/lib/xorg/Xorg                              4MiB |
+-----------------------------------------------------------------------------------------+
内存信息:
              total        used        free      shared  buff/cache   available
Mem:          251Gi         9Gi       167Gi       5.0Mi        74Gi       239Gi
Swap:          30Gi       246Mi        30Gi
CPU信息:
Model name:                         Intel(R) Xeon(R) Platinum 8358P CPU @ 2.60GHz
========================================
开始生成100样本256x256尺寸TIFF数据集...
=== 开始生成100样本256x256尺寸TIFF数据集 ===
这将生成100个样本，每个样本200帧，总共20,000帧数据
预计处理时间: 2-4小时（取决于硬件性能）

是否继续？(y/N): ========================================
❌ 任务执行失败，退出码: 0
失败时间: 2025年 07月 27日 星期日 15:00:16 CST
作业结束时间: 2025年 07月 27日 星期日 15:00:16 CST
