作业开始时间: 2025年 07月 29日 星期二 11:29:33 CST
节点信息: master
GPU信息:
Tue Jul 29 11:29:33 2025       
+-----------------------------------------------------------------------------------------+
| NVIDIA-SMI 555.52.04              Driver Version: 555.52.04      CUDA Version: 12.5     |
|-----------------------------------------+------------------------+----------------------+
| GPU  Name                 Persistence-M | Bus-Id          Disp.A | Volatile Uncorr. ECC |
| Fan  Temp   Perf          Pwr:Usage/Cap |           Memory-Usage | GPU-Util  Compute M. |
|                                         |                        |               MIG M. |
|=========================================+========================+======================|
|   0  NVIDIA GeForce RTX 3090        Off |   00000000:31:00.0 Off |                  N/A |
| 30%   29C    P8             17W /  350W |      12MiB /  24576MiB |      0%      Default |
|                                         |                        |                  N/A |
+-----------------------------------------+------------------------+----------------------+
|   1  NVIDIA GeForce RTX 3090        Off |   00000000:4B:00.0 Off |                  N/A |
| 30%   28C    P8             26W /  350W |      11MiB /  24576MiB |      0%      Default |
|                                         |                        |                  N/A |
+-----------------------------------------+------------------------+----------------------+
|   2  NVIDIA GeForce RTX 3090        Off |   00000000:B1:00.0 Off |                  N/A |
| 72%   53C    P2            166W /  350W |    7033MiB /  24576MiB |     11%      Default |
|                                         |                        |                  N/A |
+-----------------------------------------+------------------------+----------------------+
|   3  NVIDIA GeForce RTX 3090        Off |   00000000:CA:00.0 Off |                  N/A |
| 31%   29C    P8             19W /  350W |      11MiB /  24576MiB |      0%      Default |
|                                         |                        |                  N/A |
+-----------------------------------------+------------------------+----------------------+
                                                                                         
+-----------------------------------------------------------------------------------------+
| Processes:                                                                              |
|  GPU   GI   CI        PID   Type   Process name                              GPU Memory |
|        ID   ID                                                               Usage      |
|=========================================================================================|
|    0   N/A  N/A      2071      G   /usr/lib/xorg/Xorg                              5MiB |
|    1   N/A  N/A      2071      G   /usr/lib/xorg/Xorg                              4MiB |
|    2   N/A  N/A      2071      G   /usr/lib/xorg/Xorg                              4MiB |
|    2   N/A  N/A    523846      C   python                                       7014MiB |
|    3   N/A  N/A      2071      G   /usr/lib/xorg/Xorg                              4MiB |
+-----------------------------------------------------------------------------------------+
内存信息:
              total        used        free      shared  buff/cache   available
Mem:          251Gi        12Gi       163Gi        57Mi        75Gi       237Gi
Swap:          30Gi       246Mi        30Gi
CPU信息:
Model name:                         Intel(R) Xeon(R) Platinum 8358P CPU @ 2.60GHz
========================================
开始生成100样本40x40尺寸TIFF数据集...
=== 开始生成100样本256x256尺寸TIFF数据集 ===
这将生成100个样本，每个样本200帧，总共20,000帧数据
预计处理时间: 2-4小时（取决于硬件性能）

[AUTO-CONFIRM] 自动确认开始生成...

=== 开始批量TIFF生成 ===
配置文件: configs/batch_config_100samples_40.json
输出目录: /home/guest/Others/DECODE_rewrite/simulation_zmap2tiff/outputs_100samples_256
最大并行数: 4
总作业数: 100
已完成作业数: 100
待处理作业数: 0
所有作业已完成！

============================================================
=== 生成完成 ===
成功生成的样本数: 100
失败的样本数: 0
成功率: 100.0%
总处理时间: 44.6小时
输出目录: /home/guest/Others/DECODE_rewrite/simulation_zmap2tiff/outputs_100samples_256

✅ 数据集生成成功！

数据集统计:
- 样本数量: 100
- 每样本帧数: 200
- 总帧数: 20000
- 图像尺寸: 40x40
- 数据格式: OME-TIFF

建议的渐进式训练方案:
1. 20样本测试 (4,000帧) - 快速验证
2. 50样本测试 (10,000帧) - 中等规模
3. 100样本测试 (20000帧) - 完整数据集

数据集可用于:
- 神经网络训练和验证
- 算法性能评估
- 渐进式学习实验
========================================
✅ 任务成功完成!
完成时间: 2025年 07月 29日 星期二 11:29:35 CST
输出目录统计:
作业结束时间: 2025年 07月 29日 星期二 11:29:35 CST
