作业开始时间: 2025年 07月 29日 星期二 14:14:09 CST
节点信息: master
GPU信息:
Tue Jul 29 14:14:09 2025       
+-----------------------------------------------------------------------------------------+
| NVIDIA-SMI 555.52.04              Driver Version: 555.52.04      CUDA Version: 12.5     |
|-----------------------------------------+------------------------+----------------------+
| GPU  Name                 Persistence-M | Bus-Id          Disp.A | Volatile Uncorr. ECC |
| Fan  Temp   Perf          Pwr:Usage/Cap |           Memory-Usage | GPU-Util  Compute M. |
|                                         |                        |               MIG M. |
|=========================================+========================+======================|
|   0  NVIDIA GeForce RTX 3090        Off |   00000000:31:00.0 Off |                  N/A |
| 39%   48C    P2            110W /  350W |    1376MiB /  24576MiB |     13%      Default |
|                                         |                        |                  N/A |
+-----------------------------------------+------------------------+----------------------+
|   1  NVIDIA GeForce RTX 3090        Off |   00000000:4B:00.0 Off |                  N/A |
| 30%   29C    P8             26W /  350W |      11MiB /  24576MiB |      0%      Default |
|                                         |                        |                  N/A |
+-----------------------------------------+------------------------+----------------------+
|   2  NVIDIA GeForce RTX 3090        Off |   00000000:B1:00.0 Off |                  N/A |
| 72%   56C    P2            151W /  350W |    7033MiB /  24576MiB |     14%      Default |
|                                         |                        |                  N/A |
+-----------------------------------------+------------------------+----------------------+
|   3  NVIDIA GeForce RTX 3090        Off |   00000000:CA:00.0 Off |                  N/A |
| 30%   31C    P8             19W /  350W |      11MiB /  24576MiB |      0%      Default |
|                                         |                        |                  N/A |
+-----------------------------------------+------------------------+----------------------+
                                                                                         
+-----------------------------------------------------------------------------------------+
| Processes:                                                                              |
|  GPU   GI   CI        PID   Type   Process name                              GPU Memory |
|        ID   ID                                                               Usage      |
|=========================================================================================|
|    0   N/A  N/A      2071      G   /usr/lib/xorg/Xorg                              5MiB |
|    0   N/A  N/A   3033973      C   python                                       1356MiB |
|    1   N/A  N/A      2071      G   /usr/lib/xorg/Xorg                              4MiB |
|    2   N/A  N/A      2071      G   /usr/lib/xorg/Xorg                              4MiB |
|    2   N/A  N/A    523846      C   python                                       7014MiB |
|    3   N/A  N/A      2071      G   /usr/lib/xorg/Xorg                              4MiB |
+-----------------------------------------------------------------------------------------+
内存信息:
              total        used        free      shared  buff/cache   available
Mem:          251Gi        15Gi       159Gi        75Mi        77Gi       234Gi
Swap:          30Gi       246Mi        30Gi
CPU信息:
Model name:                         Intel(R) Xeon(R) Platinum 8358P CPU @ 2.60GHz
========================================
开始生成100样本160x160尺寸TIFF数据集...
========================================
❌ 任务执行失败，退出码: 0
失败时间: 2025年 07月 29日 星期二 14:14:11 CST
作业结束时间: 2025年 07月 29日 星期二 14:14:11 CST
