Job started at: 2025å¹´ 08æœˆ 01æ—¥ æ˜ŸæœŸäº” 21:56:09 CST
Running on node: master
CUDA devices: 0
Resuming training from checkpoint: checkpoints/checkpoint_epoch_70.pth
ä½¿ç”¨è®¾å¤‡: cuda
æ¨¡å‹å‚æ•°æ•°é‡: 65,680,774
2025-08-01 21:56:14,823 - neuronal_network_v2.utils.factories - INFO - åˆ›å»ºä¼˜åŒ–å™¨: adam, å‚æ•°: {'lr': 0.0001, 'betas': (0.9, 0.999), 'eps': 1e-08, 'weight_decay': 1e-05}
2025-08-01 21:56:14,823 - neuronal_network_v2.utils.factories - INFO - åˆ›å»ºè°ƒåº¦å™¨: cosineannealinglr, å‚æ•°: {'T_max': 100, 'eta_min': 1e-06}
åˆ›å»ºæ•°æ®é›†...
æ‰¾åˆ° 100 ä¸ªæ ·æœ¬ç›®å½•
è®­ç»ƒæ ·æœ¬: 70, éªŒè¯æ ·æœ¬: 20, æµ‹è¯•æ ·æœ¬: 10
æ‰¾åˆ°è®­ç»ƒæ•°æ®æ–‡ä»¶: 70 ä¸ª
æ‰¾åˆ°éªŒè¯æ•°æ®æ–‡ä»¶: 20 ä¸ª
Built index with 70 samples from 70 files
Built index with 20 samples from 20 files
è®­ç»ƒæ‰¹æ¬¡æ•°: 9, éªŒè¯æ‰¹æ¬¡æ•°: 3
2025-08-01 21:56:15,331 - neuronal_network_v2.training.utils - ERROR - åŠ è½½æ£€æŸ¥ç‚¹å¤±è´¥: Weights only load failed. This file can still be loaded, to do so you have two options, [1mdo those steps only if you trust the source of the checkpoint[0m. 
	(1) In PyTorch 2.6, we changed the default value of the `weights_only` argument in `torch.load` from `False` to `True`. Re-running `torch.load` with `weights_only` set to `False` will likely succeed, but it can result in arbitrary code execution. Do it only if you got the file from a trusted source.
	(2) Alternatively, to load with `weights_only=True` please check the recommended steps in the following error message.
	WeightsUnpickler error: Unsupported global: GLOBAL neuronal_network_v2.utils.config.TrainingConfig was not an allowed global by default. Please use `torch.serialization.add_safe_globals([neuronal_network_v2.utils.config.TrainingConfig])` or the `torch.serialization.safe_globals([neuronal_network_v2.utils.config.TrainingConfig])` context manager to allowlist this global if you trust this class/function.

Check the documentation of torch.load to learn more about types accepted by default with weights_only https://pytorch.org/docs/stable/generated/torch.load.html.
Job finished at: 2025å¹´ 08æœˆ 01æ—¥ æ˜ŸæœŸäº” 21:56:16 CST
