INFO:__main__:Wandb logging disabled
INFO:__main__:Total parameters: 14,875,916
INFO:__main__:Trainable parameters: 14,875,916
INFO:__main__:Training samples: 1000
INFO:__main__:Validation samples: 1000
Using device: cuda (NVIDIA GeForce RTX 3090)
GPU memory: 23.6 GB
Current batch size: 8
If you encounter CUDA out of memory errors, reduce batch_size in config file
No sample directories found at data/train, using 1000 synthetic samples
No sample directories found at data/val, using 1000 synthetic samples
Traceback (most recent call last):
  File "/home/guest/Others/DECODE_rewrite/VAR_emitter_prediction/train_true_var.py", line 622, in <module>
    trainer = VARTrainer(args.config)
              ^^^^^^^^^^^^^^^^^^^^^^^
  File "/home/guest/Others/DECODE_rewrite/VAR_emitter_prediction/train_true_var.py", line 298, in __init__
    self.setup_optimizer()
  File "/home/guest/Others/DECODE_rewrite/VAR_emitter_prediction/train_true_var.py", line 422, in setup_optimizer
    T_max=sched_config['T_max'],
          ~~~~~~~~~~~~^^^^^^^^^
KeyError: 'T_max'
