模型初始化完成
第一级参数量: 168
第二级参数量: 42
使用统一DECODE损失函数
优化器初始化完成，学习率: 0.0001
训练样本: 80, 验证样本: 20
找到 80 个有效样本
总共 80 个训练样本
找到 20 个有效样本
总共 20 个训练样本
数据加载器初始化完成
训练样本: 80, 验证样本: 20
训练器初始化完成，使用设备: cuda
损失函数类型: unified_decode
开始训练...
Epoch 1, Batch 1/5, Loss: 4.579089

Epoch 1/1000 完成 (1.36s)
训练损失: 4.555617
验证损失: 4.542752
保存最佳模型: outputs/training_results_fixed/best_model.pth
Epoch 2, Batch 1/5, Loss: 4.558988

Epoch 2/1000 完成 (1.30s)
训练损失: 4.544751
验证损失: 4.555229
Epoch 3, Batch 1/5, Loss: 4.543476

Epoch 3/1000 完成 (1.28s)
训练损失: 4.538689
验证损失: 4.566349
Epoch 4, Batch 1/5, Loss: 4.525089

Epoch 4/1000 完成 (1.15s)
训练损失: 4.526064
验证损失: 4.548588
Epoch 5, Batch 1/5, Loss: 4.529474

Epoch 5/1000 完成 (1.25s)
训练损失: 4.523268
验证损失: 4.565813
Epoch 6, Batch 1/5, Loss: 4.510659

Epoch 6/1000 完成 (1.28s)
训练损失: 4.529171
验证损失: 4.533108
保存最佳模型: outputs/training_results_fixed/best_model.pth
Epoch 7, Batch 1/5, Loss: 4.533492

Epoch 7/1000 完成 (1.29s)
训练损失: 4.538096
验证损失: 4.511351
保存最佳模型: outputs/training_results_fixed/best_model.pth
Epoch 8, Batch 1/5, Loss: 4.528483

Epoch 8/1000 完成 (1.30s)
训练损失: 4.519899
验证损失: 4.501576
保存最佳模型: outputs/training_results_fixed/best_model.pth
Epoch 9, Batch 1/5, Loss: 4.532116

Epoch 9/1000 完成 (1.30s)
训练损失: 4.509394
验证损失: 4.520439
Epoch 10, Batch 1/5, Loss: 4.515754

Epoch 10/1000 完成 (1.30s)
训练损失: 4.511441
验证损失: 4.513678
Epoch 11, Batch 1/5, Loss: 4.523303

Epoch 11/1000 完成 (1.37s)
训练损失: 4.512561
验证损失: 4.516297
Epoch 12, Batch 1/5, Loss: 4.499655

Epoch 12/1000 完成 (1.38s)
训练损失: 4.513693
验证损失: 4.509739
Epoch 13, Batch 1/5, Loss: 4.475517

Epoch 13/1000 完成 (1.38s)
训练损失: 4.499033
验证损失: 4.485251
保存最佳模型: outputs/training_results_fixed/best_model.pth
Epoch 14, Batch 1/5, Loss: 4.480348

Epoch 14/1000 完成 (1.39s)
训练损失: 4.506467
验证损失: 4.483545
保存最佳模型: outputs/training_results_fixed/best_model.pth
Epoch 15, Batch 1/5, Loss: 4.497155

Epoch 15/1000 完成 (1.44s)
训练损失: 4.500032
验证损失: 4.474000
保存最佳模型: outputs/training_results_fixed/best_model.pth
Epoch 16, Batch 1/5, Loss: 4.490579

Epoch 16/1000 完成 (1.41s)
训练损失: 4.503479
验证损失: 4.471735
保存最佳模型: outputs/training_results_fixed/best_model.pth
Epoch 17, Batch 1/5, Loss: 4.506648

Epoch 17/1000 完成 (1.38s)
训练损失: 4.491601
验证损失: 4.494427
Epoch 18, Batch 1/5, Loss: 4.502349

Epoch 18/1000 完成 (1.39s)
训练损失: 4.484127
验证损失: 4.516414
Epoch 19, Batch 1/5, Loss: 4.504062

Epoch 19/1000 完成 (1.42s)
训练损失: 4.480058
验证损失: 4.465015
保存最佳模型: outputs/training_results_fixed/best_model.pth
Epoch 20, Batch 1/5, Loss: 4.474239

Epoch 20/1000 完成 (1.43s)
训练损失: 4.482957
验证损失: 4.478322
Epoch 21, Batch 1/5, Loss: 4.483175

Epoch 21/1000 完成 (1.40s)
训练损失: 4.477016
验证损失: 4.466139
Epoch 22, Batch 1/5, Loss: 4.450401

Epoch 22/1000 完成 (1.45s)
训练损失: 4.469786
验证损失: 4.494480
Epoch 23, Batch 1/5, Loss: 4.467944

Epoch 23/1000 完成 (1.44s)
训练损失: 4.483164
验证损失: 4.493168
Epoch 24, Batch 1/5, Loss: 4.452241

Epoch 24/1000 完成 (1.42s)
训练损失: 4.456957
验证损失: 4.477394
Epoch 25, Batch 1/5, Loss: 4.464645

Epoch 25/1000 完成 (1.43s)
训练损失: 4.460070
验证损失: 4.451570
保存最佳模型: outputs/training_results_fixed/best_model.pth
Epoch 26, Batch 1/5, Loss: 4.492858

Epoch 26/1000 完成 (1.40s)
训练损失: 4.477760
验证损失: 4.475820
Epoch 27, Batch 1/5, Loss: 4.467588

Epoch 27/1000 完成 (1.38s)
训练损失: 4.465158
验证损失: 4.459144
Epoch 28, Batch 1/5, Loss: 4.470550

Epoch 28/1000 完成 (1.37s)
训练损失: 4.471452
验证损失: 4.474006
Epoch 29, Batch 1/5, Loss: 4.444828

Epoch 29/1000 完成 (1.41s)
训练损失: 4.463118
验证损失: 4.464216
Epoch 30, Batch 1/5, Loss: 4.476694

Epoch 30/1000 完成 (1.39s)
训练损失: 4.448604
验证损失: 4.449547
保存最佳模型: outputs/training_results_fixed/best_model.pth
Epoch 31, Batch 1/5, Loss: 4.444033

Epoch 31/1000 完成 (1.41s)
训练损失: 4.449253
验证损失: 4.451881
Epoch 32, Batch 1/5, Loss: 4.446026

Epoch 32/1000 完成 (1.39s)
训练损失: 4.433911
验证损失: 4.418864
保存最佳模型: outputs/training_results_fixed/best_model.pth
Epoch 33, Batch 1/5, Loss: 4.455603

Epoch 33/1000 完成 (1.39s)
训练损失: 4.452388
验证损失: 4.475098
Epoch 34, Batch 1/5, Loss: 4.439895

Epoch 34/1000 完成 (1.38s)
训练损失: 4.447658
验证损失: 4.453572
Epoch 35, Batch 1/5, Loss: 4.446769

Epoch 35/1000 完成 (1.37s)
训练损失: 4.439648
验证损失: 4.457205
Epoch 36, Batch 1/5, Loss: 4.451072

Epoch 36/1000 完成 (1.41s)
训练损失: 4.428981
验证损失: 4.447700
Epoch 37, Batch 1/5, Loss: 4.417646

Epoch 37/1000 完成 (1.40s)
训练损失: 4.422903
验证损失: 4.455374
Epoch 38, Batch 1/5, Loss: 4.451397

Epoch 38/1000 完成 (1.37s)
训练损失: 4.436350
验证损失: 4.409606
保存最佳模型: outputs/training_results_fixed/best_model.pth
Epoch 39, Batch 1/5, Loss: 4.409076

Epoch 39/1000 完成 (1.40s)
训练损失: 4.413368
验证损失: 4.414829
Epoch 40, Batch 1/5, Loss: 4.425706

Epoch 40/1000 完成 (1.41s)
训练损失: 4.425090
验证损失: 4.408662
保存最佳模型: outputs/training_results_fixed/best_model.pth
Epoch 41, Batch 1/5, Loss: 4.416596

Epoch 41/1000 完成 (1.38s)
训练损失: 4.432188
验证损失: 4.410722
Epoch 42, Batch 1/5, Loss: 4.414487

Epoch 42/1000 完成 (1.40s)
训练损失: 4.410120
验证损失: 4.423126
Epoch 43, Batch 1/5, Loss: 4.419591

Epoch 43/1000 完成 (1.41s)
训练损失: 4.415697
验证损失: 4.440795
Epoch 44, Batch 1/5, Loss: 4.407011

Epoch 44/1000 完成 (1.40s)
训练损失: 4.411180
验证损失: 4.379812
保存最佳模型: outputs/training_results_fixed/best_model.pth
Epoch 45, Batch 1/5, Loss: 4.403590

Epoch 45/1000 完成 (1.39s)
训练损失: 4.409069
验证损失: 4.417728
Epoch 46, Batch 1/5, Loss: 4.390370

Epoch 46/1000 完成 (1.40s)
训练损失: 4.401970
验证损失: 4.383759
Epoch 47, Batch 1/5, Loss: 4.438712

Epoch 47/1000 完成 (1.39s)
训练损失: 4.415106
验证损失: 4.417220
Epoch 48, Batch 1/5, Loss: 4.398021

Epoch 48/1000 完成 (1.40s)
训练损失: 4.405696
验证损失: 4.393828
Epoch 49, Batch 1/5, Loss: 4.407303

Epoch 49/1000 完成 (1.42s)
训练损失: 4.394503
验证损失: 4.394746
Epoch 50, Batch 1/5, Loss: 4.408535

Epoch 50/1000 完成 (1.39s)
训练损失: 4.402563
验证损失: 4.384134
Epoch 51, Batch 1/5, Loss: 4.369772

Epoch 51/1000 完成 (1.39s)
训练损失: 4.389352
验证损失: 4.379889
Epoch 52, Batch 1/5, Loss: 4.393665

Epoch 52/1000 完成 (1.38s)
训练损失: 4.387428
验证损失: 4.380951
Epoch 53, Batch 1/5, Loss: 4.423234

Epoch 53/1000 完成 (1.35s)
训练损失: 4.386753
验证损失: 4.414898
Epoch 54, Batch 1/5, Loss: 4.385621

Epoch 54/1000 完成 (1.38s)
训练损失: 4.381363
验证损失: 4.381087
Epoch 55, Batch 1/5, Loss: 4.374120

Epoch 55/1000 完成 (1.38s)
训练损失: 4.380130
验证损失: 4.360080
保存最佳模型: outputs/training_results_fixed/best_model.pth
Epoch 56, Batch 1/5, Loss: 4.349195

Epoch 56/1000 完成 (1.38s)
训练损失: 4.375845
验证损失: 4.399725
Epoch 57, Batch 1/5, Loss: 4.370938

Epoch 57/1000 完成 (1.41s)
训练损失: 4.374636
验证损失: 4.384316
Epoch 58, Batch 1/5, Loss: 4.377730

Epoch 58/1000 完成 (1.39s)
训练损失: 4.379273
验证损失: 4.386525
Epoch 59, Batch 1/5, Loss: 4.358886

Epoch 59/1000 完成 (1.41s)
训练损失: 4.359303
验证损失: 4.360863
Epoch 60, Batch 1/5, Loss: 4.375299

Epoch 60/1000 完成 (1.37s)
训练损失: 4.359939
验证损失: 4.345759
保存最佳模型: outputs/training_results_fixed/best_model.pth
Epoch 61, Batch 1/5, Loss: 4.368008

Epoch 61/1000 完成 (1.43s)
训练损失: 4.355346
验证损失: 4.345816
Epoch 62, Batch 1/5, Loss: 4.382476

Epoch 62/1000 完成 (1.36s)
训练损失: 4.364261
验证损失: 4.370150
Epoch 63, Batch 1/5, Loss: 4.346903

Epoch 63/1000 完成 (1.35s)
训练损失: 4.356773
验证损失: 4.388109
Epoch 64, Batch 1/5, Loss: 4.370100

Epoch 64/1000 完成 (1.44s)
训练损失: 4.362282
验证损失: 4.337960
保存最佳模型: outputs/training_results_fixed/best_model.pth
Epoch 65, Batch 1/5, Loss: 4.365210

Epoch 65/1000 完成 (1.40s)
训练损失: 4.359968
验证损失: 4.399117
Epoch 66, Batch 1/5, Loss: 4.325512

Epoch 66/1000 完成 (1.36s)
训练损失: 4.362690
验证损失: 4.350219
Epoch 67, Batch 1/5, Loss: 4.331100

Epoch 67/1000 完成 (1.39s)
训练损失: 4.346597
验证损失: 4.362429
Epoch 68, Batch 1/5, Loss: 4.362300

Epoch 68/1000 完成 (1.37s)
训练损失: 4.354856
验证损失: 4.359725
Epoch 69, Batch 1/5, Loss: 4.352772

Epoch 69/1000 完成 (1.40s)
训练损失: 4.355554
验证损失: 4.394798
Epoch 70, Batch 1/5, Loss: 4.339907

Epoch 70/1000 完成 (1.37s)
训练损失: 4.345039
验证损失: 4.345005
Epoch 71, Batch 1/5, Loss: 4.344330

Epoch 71/1000 完成 (1.42s)
训练损失: 4.350076
验证损失: 4.372741
Epoch 72, Batch 1/5, Loss: 4.331985

Epoch 72/1000 完成 (1.41s)
训练损失: 4.341080
验证损失: 4.344684
Epoch 73, Batch 1/5, Loss: 4.325441

Epoch 73/1000 完成 (1.42s)
训练损失: 4.338604
验证损失: 4.375502
Epoch 74, Batch 1/5, Loss: 4.329831

Epoch 74/1000 完成 (1.36s)
训练损失: 4.330871
验证损失: 4.368847
Epoch 75, Batch 1/5, Loss: 4.332707

Epoch 75/1000 完成 (1.40s)
训练损失: 4.324090
验证损失: 4.336148
保存最佳模型: outputs/training_results_fixed/best_model.pth
Epoch 76, Batch 1/5, Loss: 4.330726

Epoch 76/1000 完成 (1.38s)
训练损失: 4.323460
验证损失: 4.294589
保存最佳模型: outputs/training_results_fixed/best_model.pth
Epoch 77, Batch 1/5, Loss: 4.327820

Epoch 77/1000 完成 (1.41s)
训练损失: 4.333506
验证损失: 4.342881
Epoch 78, Batch 1/5, Loss: 4.330364

Epoch 78/1000 完成 (1.37s)
训练损失: 4.334545
验证损失: 4.342961
Epoch 79, Batch 1/5, Loss: 4.344987

Epoch 79/1000 完成 (1.36s)
训练损失: 4.331795
验证损失: 4.349498
Epoch 80, Batch 1/5, Loss: 4.297548

Epoch 80/1000 完成 (1.38s)
训练损失: 4.309182
验证损失: 4.270482
保存最佳模型: outputs/training_results_fixed/best_model.pth
Epoch 81, Batch 1/5, Loss: 4.331023

Epoch 81/1000 完成 (1.36s)
训练损失: 4.323732
验证损失: 4.324117
Epoch 82, Batch 1/5, Loss: 4.297778

Epoch 82/1000 完成 (1.36s)
训练损失: 4.308245
验证损失: 4.347986
Epoch 83, Batch 1/5, Loss: 4.322050

Epoch 83/1000 完成 (1.37s)
训练损失: 4.318290
验证损失: 4.305239
Epoch 84, Batch 1/5, Loss: 4.314449

Epoch 84/1000 完成 (1.36s)
训练损失: 4.316836
验证损失: 4.298424
Epoch 85, Batch 1/5, Loss: 4.319319

Epoch 85/1000 完成 (1.42s)
训练损失: 4.297011
验证损失: 4.331646
Epoch 86, Batch 1/5, Loss: 4.329728

Epoch 86/1000 完成 (1.44s)
训练损失: 4.314951
验证损失: 4.306369
Epoch 87, Batch 1/5, Loss: 4.272992

Epoch 87/1000 完成 (1.35s)
训练损失: 4.302470
验证损失: 4.298618
Epoch 88, Batch 1/5, Loss: 4.285523

Epoch 88/1000 完成 (1.38s)
训练损失: 4.296412
验证损失: 4.309637
Epoch 89, Batch 1/5, Loss: 4.294138

Epoch 89/1000 完成 (1.40s)
训练损失: 4.305572
验证损失: 4.295852
Epoch 90, Batch 1/5, Loss: 4.299638

Epoch 90/1000 完成 (1.39s)
训练损失: 4.299811
验证损失: 4.315463
Epoch 91, Batch 1/5, Loss: 4.284321

Epoch 91/1000 完成 (1.41s)
训练损失: 4.289046
验证损失: 4.303623
Epoch 92, Batch 1/5, Loss: 4.299386

Epoch 92/1000 完成 (1.42s)
训练损失: 4.299216
验证损失: 4.296592
Epoch 93, Batch 1/5, Loss: 4.308822

Epoch 93/1000 完成 (1.38s)
训练损失: 4.287316
验证损失: 4.283931
Epoch 94, Batch 1/5, Loss: 4.309688

Epoch 94/1000 完成 (1.36s)
训练损失: 4.302688
验证损失: 4.290590
Epoch 95, Batch 1/5, Loss: 4.299409

Epoch 95/1000 完成 (1.39s)
训练损失: 4.293253
验证损失: 4.289550
Epoch 96, Batch 1/5, Loss: 4.282974

Epoch 96/1000 完成 (1.37s)
训练损失: 4.282818
验证损失: 4.309669
Epoch 97, Batch 1/5, Loss: 4.289752

Epoch 97/1000 完成 (1.37s)
训练损失: 4.290963
验证损失: 4.316932
Epoch 98, Batch 1/5, Loss: 4.299887

Epoch 98/1000 完成 (1.37s)
训练损失: 4.288312
验证损失: 4.299373
Epoch 99, Batch 1/5, Loss: 4.296918

Epoch 99/1000 完成 (1.37s)
训练损失: 4.283172
验证损失: 4.283026
Epoch 100, Batch 1/5, Loss: 4.308076

Epoch 100/1000 完成 (1.38s)
训练损失: 4.283191
验证损失: 4.250661
保存最佳模型: outputs/training_results_fixed/best_model.pth
Epoch 101, Batch 1/5, Loss: 4.266110

Epoch 101/1000 完成 (1.39s)
训练损失: 4.290874
验证损失: 4.320153
Epoch 102, Batch 1/5, Loss: 4.277590

Epoch 102/1000 完成 (1.40s)
训练损失: 4.298581
验证损失: 4.307410
Epoch 103, Batch 1/5, Loss: 4.305815

Epoch 103/1000 完成 (1.41s)
训练损失: 4.282616
验证损失: 4.291363
Epoch 104, Batch 1/5, Loss: 4.290407

Epoch 104/1000 完成 (1.35s)
训练损失: 4.281209
验证损失: 4.282700
Epoch 105, Batch 1/5, Loss: 4.271205

Epoch 105/1000 完成 (1.40s)
训练损失: 4.281632
验证损失: 4.286279
Epoch 106, Batch 1/5, Loss: 4.290108

Epoch 106/1000 完成 (1.36s)
训练损失: 4.276315
验证损失: 4.281095
Epoch 107, Batch 1/5, Loss: 4.303506

Epoch 107/1000 完成 (1.36s)
训练损失: 4.269942
验证损失: 4.275843
Epoch 108, Batch 1/5, Loss: 4.309977

Epoch 108/1000 完成 (1.38s)
训练损失: 4.285191
验证损失: 4.312713
Epoch 109, Batch 1/5, Loss: 4.247505

Epoch 109/1000 完成 (1.40s)
训练损失: 4.268376
验证损失: 4.266538
Epoch 110, Batch 1/5, Loss: 4.251729

Epoch 110/1000 完成 (1.38s)
训练损失: 4.261812
验证损失: 4.278654
Epoch 111, Batch 1/5, Loss: 4.297357

Epoch 111/1000 完成 (1.40s)
训练损失: 4.283363
验证损失: 4.285962
Epoch 112, Batch 1/5, Loss: 4.279253

Epoch 112/1000 完成 (1.35s)
训练损失: 4.276833
验证损失: 4.277130
Epoch 113, Batch 1/5, Loss: 4.272408

Epoch 113/1000 完成 (1.42s)
训练损失: 4.279367
验证损失: 4.265713
Epoch 114, Batch 1/5, Loss: 4.279918

Epoch 114/1000 完成 (1.37s)
训练损失: 4.278405
验证损失: 4.296127
Epoch 115, Batch 1/5, Loss: 4.303655

Epoch 115/1000 完成 (1.36s)
训练损失: 4.266683
验证损失: 4.288119
Epoch 116, Batch 1/5, Loss: 4.275309

Epoch 116/1000 完成 (1.45s)
训练损失: 4.268675
验证损失: 4.271068
Epoch 117, Batch 1/5, Loss: 4.285271

Epoch 117/1000 完成 (1.38s)
训练损失: 4.273323
验证损失: 4.281847
Epoch 118, Batch 1/5, Loss: 4.264009

Epoch 118/1000 完成 (1.43s)
训练损失: 4.262257
验证损失: 4.286206
Epoch 119, Batch 1/5, Loss: 4.271125

Epoch 119/1000 完成 (1.40s)
训练损失: 4.273685
验证损失: 4.279562
Epoch 120, Batch 1/5, Loss: 4.278568

Epoch 120/1000 完成 (1.41s)
训练损失: 4.261808
验证损失: 4.287762
Epoch 121, Batch 1/5, Loss: 4.288817

Epoch 121/1000 完成 (1.36s)
训练损失: 4.267465
验证损失: 4.274533
Epoch 122, Batch 1/5, Loss: 4.251580

Epoch 122/1000 完成 (1.36s)
训练损失: 4.267191
验证损失: 4.282413
Epoch 123, Batch 1/5, Loss: 4.262026

Epoch 123/1000 完成 (1.42s)
训练损失: 4.262648
验证损失: 4.267916
Epoch 124, Batch 1/5, Loss: 4.253113

Epoch 124/1000 完成 (1.40s)
训练损失: 4.264838
验证损失: 4.260365
Epoch 125, Batch 1/5, Loss: 4.269347

Epoch 125/1000 完成 (1.44s)
训练损失: 4.268278
验证损失: 4.274362
Epoch 126, Batch 1/5, Loss: 4.262692

Epoch 126/1000 完成 (1.39s)
训练损失: 4.264282
验证损失: 4.290776
Epoch 127, Batch 1/5, Loss: 4.260497

Epoch 127/1000 完成 (1.37s)
训练损失: 4.271164
验证损失: 4.254290
Epoch 128, Batch 1/5, Loss: 4.294457

Epoch 128/1000 完成 (1.37s)
训练损失: 4.269356
验证损失: 4.284098
Epoch 129, Batch 1/5, Loss: 4.268072

Epoch 129/1000 完成 (1.41s)
训练损失: 4.261176
验证损失: 4.272297
Epoch 130, Batch 1/5, Loss: 4.276938

Epoch 130/1000 完成 (1.39s)
训练损失: 4.276109
验证损失: 4.278888
Epoch 131, Batch 1/5, Loss: 4.253403

Epoch 131/1000 完成 (1.42s)
训练损失: 4.262179
验证损失: 4.261682
Epoch 132, Batch 1/5, Loss: 4.252411

Epoch 132/1000 完成 (1.39s)
训练损失: 4.274141
验证损失: 4.249338
保存最佳模型: outputs/training_results_fixed/best_model.pth
Epoch 133, Batch 1/5, Loss: 4.271700

Epoch 133/1000 完成 (1.42s)
训练损失: 4.272186
验证损失: 4.281520
Epoch 134, Batch 1/5, Loss: 4.224042

Epoch 134/1000 完成 (1.39s)
训练损失: 4.255592
验证损失: 4.269559
Epoch 135, Batch 1/5, Loss: 4.257964

Epoch 135/1000 完成 (1.42s)
训练损失: 4.254451
验证损失: 4.266329
Epoch 136, Batch 1/5, Loss: 4.240001

Epoch 136/1000 完成 (1.41s)
训练损失: 4.259437
验证损失: 4.288826
Epoch 137, Batch 1/5, Loss: 4.270965

Epoch 137/1000 完成 (1.37s)
训练损失: 4.276039
验证损失: 4.284035
Epoch 138, Batch 1/5, Loss: 4.288064

Epoch 138/1000 完成 (1.38s)
训练损失: 4.270866
验证损失: 4.286223
Epoch 139, Batch 1/5, Loss: 4.246660

Epoch 139/1000 完成 (1.39s)
训练损失: 4.249550
验证损失: 4.260829
Epoch 140, Batch 1/5, Loss: 4.305694

Epoch 140/1000 完成 (1.42s)
训练损失: 4.269599
验证损失: 4.266701
Epoch 141, Batch 1/5, Loss: 4.263023

Epoch 141/1000 完成 (1.41s)
训练损失: 4.279114
验证损失: 4.262301
Epoch 142, Batch 1/5, Loss: 4.285379

Epoch 142/1000 完成 (1.37s)
训练损失: 4.251075
验证损失: 4.252618
Epoch 143, Batch 1/5, Loss: 4.271892

Epoch 143/1000 完成 (1.36s)
训练损失: 4.251184
验证损失: 4.237886
保存最佳模型: outputs/training_results_fixed/best_model.pth
Epoch 144, Batch 1/5, Loss: 4.280646

Epoch 144/1000 完成 (1.37s)
训练损失: 4.262269
验证损失: 4.264503
Epoch 145, Batch 1/5, Loss: 4.261699

Epoch 145/1000 完成 (1.44s)
训练损失: 4.264032
验证损失: 4.277607
Epoch 146, Batch 1/5, Loss: 4.249950

Epoch 146/1000 完成 (1.41s)
训练损失: 4.257422
验证损失: 4.253709
Epoch 147, Batch 1/5, Loss: 4.265073

Epoch 147/1000 完成 (1.39s)
训练损失: 4.260678
验证损失: 4.265924
Epoch 148, Batch 1/5, Loss: 4.254759

Epoch 148/1000 完成 (1.37s)
训练损失: 4.244880
验证损失: 4.298175
Epoch 149, Batch 1/5, Loss: 4.263231

Epoch 149/1000 完成 (1.36s)
训练损失: 4.261085
验证损失: 4.254825
Epoch 150, Batch 1/5, Loss: 4.276838

Epoch 150/1000 完成 (1.40s)
训练损失: 4.262693
验证损失: 4.246987
Epoch 151, Batch 1/5, Loss: 4.269196

Epoch 151/1000 完成 (1.36s)
训练损失: 4.282230
验证损失: 4.261508
Epoch 152, Batch 1/5, Loss: 4.251194

Epoch 152/1000 完成 (1.36s)
训练损失: 4.254839
验证损失: 4.270479
Epoch 153, Batch 1/5, Loss: 4.226762

Epoch 153/1000 完成 (1.36s)
训练损失: 4.259935
验证损失: 4.251214
Epoch 154, Batch 1/5, Loss: 4.253589

Epoch 154/1000 完成 (1.36s)
训练损失: 4.248796
验证损失: 4.288914
Epoch 155, Batch 1/5, Loss: 4.258717

Epoch 155/1000 完成 (1.40s)
训练损失: 4.261913
验证损失: 4.250908
Epoch 156, Batch 1/5, Loss: 4.243466

Epoch 156/1000 完成 (1.37s)
训练损失: 4.254209
验证损失: 4.238254
Epoch 157, Batch 1/5, Loss: 4.249552

Epoch 157/1000 完成 (1.41s)
训练损失: 4.259633
验证损失: 4.232164
保存最佳模型: outputs/training_results_fixed/best_model.pth
Epoch 158, Batch 1/5, Loss: 4.273931

Epoch 158/1000 完成 (1.42s)
训练损失: 4.268845
验证损失: 4.275686
Epoch 159, Batch 1/5, Loss: 4.237686

Epoch 159/1000 完成 (1.39s)
训练损失: 4.256548
验证损失: 4.245841
Epoch 160, Batch 1/5, Loss: 4.252923

Epoch 160/1000 完成 (1.36s)
训练损失: 4.262095
验证损失: 4.251523
Epoch 161, Batch 1/5, Loss: 4.268867

Epoch 161/1000 完成 (1.38s)
训练损失: 4.260838
验证损失: 4.240668
Epoch 162, Batch 1/5, Loss: 4.241715

Epoch 162/1000 完成 (1.41s)
训练损失: 4.262031
验证损失: 4.255112
Epoch 163, Batch 1/5, Loss: 4.262261

Epoch 163/1000 完成 (1.38s)
训练损失: 4.264784
验证损失: 4.267308
Epoch 164, Batch 1/5, Loss: 4.260328

Epoch 164/1000 完成 (1.41s)
训练损失: 4.251464
验证损失: 4.267038
Epoch 165, Batch 1/5, Loss: 4.290978

Epoch 165/1000 完成 (1.38s)
训练损失: 4.267900
验证损失: 4.263079
Epoch 166, Batch 1/5, Loss: 4.273153

Epoch 166/1000 完成 (1.36s)
训练损失: 4.269237
验证损失: 4.255702
Epoch 167, Batch 1/5, Loss: 4.287014

Epoch 167/1000 完成 (1.36s)
训练损失: 4.253569
验证损失: 4.249360
Epoch 168, Batch 1/5, Loss: 4.278854

Epoch 168/1000 完成 (1.43s)
训练损失: 4.272882
验证损失: 4.262345
Epoch 169, Batch 1/5, Loss: 4.281199

Epoch 169/1000 完成 (1.41s)
训练损失: 4.261181
验证损失: 4.221131
保存最佳模型: outputs/training_results_fixed/best_model.pth
Epoch 170, Batch 1/5, Loss: 4.258715

Epoch 170/1000 完成 (1.40s)
训练损失: 4.259938
验证损失: 4.238671
Epoch 171, Batch 1/5, Loss: 4.265277

Epoch 171/1000 完成 (1.38s)
训练损失: 4.253135
验证损失: 4.294834
Epoch 172, Batch 1/5, Loss: 4.262146

Epoch 172/1000 完成 (1.35s)
训练损失: 4.261529
验证损失: 4.290737
Epoch 173, Batch 1/5, Loss: 4.278966

Epoch 173/1000 完成 (1.38s)
训练损失: 4.252353
验证损失: 4.256585
Epoch 174, Batch 1/5, Loss: 4.255573

Epoch 174/1000 完成 (1.38s)
训练损失: 4.273566
验证损失: 4.265054
Epoch 175, Batch 1/5, Loss: 4.269619

Epoch 175/1000 完成 (1.36s)
训练损失: 4.255247
验证损失: 4.266327
Epoch 176, Batch 1/5, Loss: 4.264862

Epoch 176/1000 完成 (1.37s)
训练损失: 4.264576
验证损失: 4.295799
Epoch 177, Batch 1/5, Loss: 4.238780

Epoch 177/1000 完成 (1.37s)
训练损失: 4.238310
验证损失: 4.271766
Epoch 178, Batch 1/5, Loss: 4.292170

Epoch 178/1000 完成 (1.42s)
训练损失: 4.255453
验证损失: 4.251845
Epoch 179, Batch 1/5, Loss: 4.268297

Epoch 179/1000 完成 (1.38s)
训练损失: 4.250195
验证损失: 4.245609
Epoch 180, Batch 1/5, Loss: 4.264541

Epoch 180/1000 完成 (1.35s)
训练损失: 4.255124
验证损失: 4.276747
Epoch 181, Batch 1/5, Loss: 4.241647

Epoch 181/1000 完成 (1.38s)
训练损失: 4.260192
验证损失: 4.255516
Epoch 182, Batch 1/5, Loss: 4.236158

Epoch 182/1000 完成 (1.41s)
训练损失: 4.249488
验证损失: 4.248446
Epoch 183, Batch 1/5, Loss: 4.248873

Epoch 183/1000 完成 (1.41s)
训练损失: 4.255762
验证损失: 4.222328
Epoch 184, Batch 1/5, Loss: 4.248188

Epoch 184/1000 完成 (1.39s)
训练损失: 4.253439
验证损失: 4.255247
Epoch 185, Batch 1/5, Loss: 4.255586

Epoch 185/1000 完成 (1.39s)
训练损失: 4.249026
验证损失: 4.272003
Epoch 186, Batch 1/5, Loss: 4.260505

Epoch 186/1000 完成 (1.37s)
训练损失: 4.261069
验证损失: 4.280013
Epoch 187, Batch 1/5, Loss: 4.239513

Epoch 187/1000 完成 (1.41s)
训练损失: 4.252777
验证损失: 4.251643
Epoch 188, Batch 1/5, Loss: 4.232322

Epoch 188/1000 完成 (1.40s)
训练损失: 4.243204
验证损失: 4.251218
Epoch 189, Batch 1/5, Loss: 4.260517

Epoch 189/1000 完成 (1.36s)
训练损失: 4.253653
验证损失: 4.274835
Epoch 190, Batch 1/5, Loss: 4.265234

Epoch 190/1000 完成 (1.40s)
训练损失: 4.259056
验证损失: 4.259437
Epoch 191, Batch 1/5, Loss: 4.245965

Epoch 191/1000 完成 (1.38s)
训练损失: 4.252804
验证损失: 4.268875
Epoch 192, Batch 1/5, Loss: 4.278929

Epoch 192/1000 完成 (1.40s)
训练损失: 4.258109
验证损失: 4.255685
Epoch 193, Batch 1/5, Loss: 4.255725

Epoch 193/1000 完成 (1.38s)
训练损失: 4.256863
验证损失: 4.253962
Epoch 194, Batch 1/5, Loss: 4.293860

Epoch 194/1000 完成 (1.42s)
训练损失: 4.266564
验证损失: 4.252722
Epoch 195, Batch 1/5, Loss: 4.242269

Epoch 195/1000 完成 (1.41s)
训练损失: 4.249233
验证损失: 4.251228
Epoch 196, Batch 1/5, Loss: 4.283062

Epoch 196/1000 完成 (1.38s)
训练损失: 4.265331
验证损失: 4.251714
Epoch 197, Batch 1/5, Loss: 4.267168

Epoch 197/1000 完成 (1.38s)
训练损失: 4.254371
验证损失: 4.284788
Epoch 198, Batch 1/5, Loss: 4.240924

Epoch 198/1000 完成 (1.37s)
训练损失: 4.246135
验证损失: 4.274396
Epoch 199, Batch 1/5, Loss: 4.284475

Epoch 199/1000 完成 (1.37s)
训练损失: 4.260234
验证损失: 4.246764
Epoch 200, Batch 1/5, Loss: 4.247661

Epoch 200/1000 完成 (1.42s)
训练损失: 4.247516
验证损失: 4.249089
Epoch 201, Batch 1/5, Loss: 4.253399

Epoch 201/1000 完成 (1.37s)
训练损失: 4.269238
验证损失: 4.252533
Epoch 202, Batch 1/5, Loss: 4.264933

Epoch 202/1000 完成 (1.43s)
训练损失: 4.271794
验证损失: 4.260830
Epoch 203, Batch 1/5, Loss: 4.269137

Epoch 203/1000 完成 (1.42s)
训练损失: 4.244735
验证损失: 4.301733
Epoch 204, Batch 1/5, Loss: 4.273711

Epoch 204/1000 完成 (1.43s)
训练损失: 4.258252
验证损失: 4.252990
Epoch 205, Batch 1/5, Loss: 4.243450

Epoch 205/1000 完成 (1.42s)
训练损失: 4.251316
验证损失: 4.258121
Epoch 206, Batch 1/5, Loss: 4.237196

Epoch 206/1000 完成 (1.39s)
训练损失: 4.269012
验证损失: 4.263912
Epoch 207, Batch 1/5, Loss: 4.248113

Epoch 207/1000 完成 (1.37s)
训练损失: 4.256929
验证损失: 4.267547
Epoch 208, Batch 1/5, Loss: 4.262643

Epoch 208/1000 完成 (1.41s)
训练损失: 4.244823
验证损失: 4.285275
Epoch 209, Batch 1/5, Loss: 4.267804

Epoch 209/1000 完成 (1.38s)
训练损失: 4.246500
验证损失: 4.231433
Epoch 210, Batch 1/5, Loss: 4.255178

Epoch 210/1000 完成 (1.38s)
训练损失: 4.257420
验证损失: 4.249965
Epoch 211, Batch 1/5, Loss: 4.263766

Epoch 211/1000 完成 (1.42s)
训练损失: 4.252353
验证损失: 4.261588
Epoch 212, Batch 1/5, Loss: 4.254803

Epoch 212/1000 完成 (1.36s)
训练损失: 4.238934
验证损失: 4.281256
Epoch 213, Batch 1/5, Loss: 4.259227

Epoch 213/1000 完成 (1.42s)
训练损失: 4.253395
验证损失: 4.255655
Epoch 214, Batch 1/5, Loss: 4.261363

Epoch 214/1000 完成 (1.43s)
训练损失: 4.253057
验证损失: 4.264245
Epoch 215, Batch 1/5, Loss: 4.259932

Epoch 215/1000 完成 (1.44s)
训练损失: 4.257335
验证损失: 4.260801
Epoch 216, Batch 1/5, Loss: 4.289050

Epoch 216/1000 完成 (1.40s)
训练损失: 4.266858
验证损失: 4.250654
Epoch 217, Batch 1/5, Loss: 4.269716

Epoch 217/1000 完成 (1.37s)
训练损失: 4.272457
验证损失: 4.247198
Epoch 218, Batch 1/5, Loss: 4.267329

Epoch 218/1000 完成 (1.36s)
训练损失: 4.255578
验证损失: 4.270549
Epoch 219, Batch 1/5, Loss: 4.219521

Epoch 219/1000 完成 (1.39s)
训练损失: 4.247951
验证损失: 4.268309
Epoch 220, Batch 1/5, Loss: 4.265385

Epoch 220/1000 完成 (1.39s)
训练损失: 4.270076
验证损失: 4.279431
Epoch 221, Batch 1/5, Loss: 4.215176

Epoch 221/1000 完成 (1.42s)
训练损失: 4.251305
验证损失: 4.238125
Epoch 222, Batch 1/5, Loss: 4.248689

Epoch 222/1000 完成 (1.37s)
训练损失: 4.250973
验证损失: 4.288852
Epoch 223, Batch 1/5, Loss: 4.257813

Epoch 223/1000 完成 (1.41s)
训练损失: 4.241937
验证损失: 4.270913
Epoch 224, Batch 1/5, Loss: 4.255322

Epoch 224/1000 完成 (1.40s)
训练损失: 4.255266
验证损失: 4.238538
Epoch 225, Batch 1/5, Loss: 4.301857

Epoch 225/1000 完成 (1.43s)
训练损失: 4.265178
验证损失: 4.272147
Epoch 226, Batch 1/5, Loss: 4.253302

Epoch 226/1000 完成 (1.44s)
训练损失: 4.246721
验证损失: 4.247881
Epoch 227, Batch 1/5, Loss: 4.248953

Epoch 227/1000 完成 (1.38s)
训练损失: 4.264788
验证损失: 4.266956
Epoch 228, Batch 1/5, Loss: 4.258010

Epoch 228/1000 完成 (1.37s)
训练损失: 4.256439
验证损失: 4.278011
Epoch 229, Batch 1/5, Loss: 4.249186

Epoch 229/1000 完成 (1.39s)
训练损失: 4.268886
验证损失: 4.280623
Epoch 230, Batch 1/5, Loss: 4.260092

Epoch 230/1000 完成 (1.40s)
训练损失: 4.248422
验证损失: 4.243575
Epoch 231, Batch 1/5, Loss: 4.257666

Epoch 231/1000 完成 (1.36s)
训练损失: 4.261615
验证损失: 4.306647
Epoch 232, Batch 1/5, Loss: 4.267265

Epoch 232/1000 完成 (1.41s)
训练损失: 4.253177
验证损失: 4.247768
Epoch 233, Batch 1/5, Loss: 4.265308

Epoch 233/1000 完成 (1.39s)
训练损失: 4.263239
验证损失: 4.269773
Epoch 234, Batch 1/5, Loss: 4.272599

Epoch 234/1000 完成 (1.35s)
训练损失: 4.273513
验证损失: 4.266714
Epoch 235, Batch 1/5, Loss: 4.254083

Epoch 235/1000 完成 (1.40s)
训练损失: 4.251517
验证损失: 4.228751
Epoch 236, Batch 1/5, Loss: 4.259103

Epoch 236/1000 完成 (1.41s)
训练损失: 4.258517
验证损失: 4.288728
Epoch 237, Batch 1/5, Loss: 4.230864

Epoch 237/1000 完成 (1.36s)
训练损失: 4.258844
验证损失: 4.264847
Epoch 238, Batch 1/5, Loss: 4.227596

Epoch 238/1000 完成 (1.38s)
训练损失: 4.248726
验证损失: 4.260662
Epoch 239, Batch 1/5, Loss: 4.247763

Epoch 239/1000 完成 (1.36s)
训练损失: 4.263755
验证损失: 4.255925
Epoch 240, Batch 1/5, Loss: 4.254777

Epoch 240/1000 完成 (1.39s)
训练损失: 4.258970
验证损失: 4.257782
Epoch 241, Batch 1/5, Loss: 4.255899

Epoch 241/1000 完成 (1.40s)
训练损失: 4.251308
验证损失: 4.262475
Epoch 242, Batch 1/5, Loss: 4.250139

Epoch 242/1000 完成 (1.40s)
训练损失: 4.256851
验证损失: 4.260995
Epoch 243, Batch 1/5, Loss: 4.266003

Epoch 243/1000 完成 (1.38s)
训练损失: 4.261691
验证损失: 4.253340
Epoch 244, Batch 1/5, Loss: 4.234143

Epoch 244/1000 完成 (1.42s)
训练损失: 4.247992
验证损失: 4.271813
Epoch 245, Batch 1/5, Loss: 4.248417

Epoch 245/1000 完成 (1.42s)
训练损失: 4.264790
验证损失: 4.273975
Epoch 246, Batch 1/5, Loss: 4.301000

Epoch 246/1000 完成 (1.42s)
训练损失: 4.264895
验证损失: 4.263249
Epoch 247, Batch 1/5, Loss: 4.267052

Epoch 247/1000 完成 (1.41s)
训练损失: 4.251616
验证损失: 4.234183
Epoch 248, Batch 1/5, Loss: 4.275736

Epoch 248/1000 完成 (1.38s)
训练损失: 4.261721
验证损失: 4.236758
Epoch 249, Batch 1/5, Loss: 4.240351

Epoch 249/1000 完成 (1.42s)
训练损失: 4.254605
验证损失: 4.233139
Epoch 250, Batch 1/5, Loss: 4.246330

Epoch 250/1000 完成 (1.41s)
训练损失: 4.251303
验证损失: 4.260045
Epoch 251, Batch 1/5, Loss: 4.278090

Epoch 251/1000 完成 (1.40s)
训练损失: 4.263152
验证损失: 4.265424
Epoch 252, Batch 1/5, Loss: 4.256000

Epoch 252/1000 完成 (1.42s)
训练损失: 4.250043
验证损失: 4.278410
Epoch 253, Batch 1/5, Loss: 4.262591

Epoch 253/1000 完成 (1.41s)
训练损失: 4.254539
验证损失: 4.262739
Epoch 254, Batch 1/5, Loss: 4.256798

Epoch 254/1000 完成 (1.41s)
训练损失: 4.257636
验证损失: 4.270077
Epoch 255, Batch 1/5, Loss: 4.200726

Epoch 255/1000 完成 (1.39s)
训练损失: 4.236850
验证损失: 4.258062
Epoch 256, Batch 1/5, Loss: 4.260841

Epoch 256/1000 完成 (1.38s)
训练损失: 4.250298
验证损失: 4.202958
保存最佳模型: outputs/training_results_fixed/best_model.pth
Epoch 257, Batch 1/5, Loss: 4.278488

Epoch 257/1000 完成 (1.41s)
训练损失: 4.267566
验证损失: 4.268518
Epoch 258, Batch 1/5, Loss: 4.277590

Epoch 258/1000 完成 (1.42s)
训练损失: 4.263825
验证损失: 4.259063
Epoch 259, Batch 1/5, Loss: 4.258911

Epoch 259/1000 完成 (1.37s)
训练损失: 4.257791
验证损失: 4.237293
Epoch 260, Batch 1/5, Loss: 4.257443

Epoch 260/1000 完成 (1.43s)
训练损失: 4.268355
验证损失: 4.265871
Epoch 261, Batch 1/5, Loss: 4.280077

Epoch 261/1000 完成 (1.36s)
训练损失: 4.260324
验证损失: 4.258277
Epoch 262, Batch 1/5, Loss: 4.279834

Epoch 262/1000 完成 (1.41s)
训练损失: 4.262502
验证损失: 4.293427
Epoch 263, Batch 1/5, Loss: 4.273942

Epoch 263/1000 完成 (1.41s)
训练损失: 4.264324
验证损失: 4.248042
Epoch 264, Batch 1/5, Loss: 4.242048

Epoch 264/1000 完成 (1.40s)
训练损失: 4.258925
验证损失: 4.234575
Epoch 265, Batch 1/5, Loss: 4.254945

Epoch 265/1000 完成 (1.41s)
训练损失: 4.253447
验证损失: 4.270632
Epoch 266, Batch 1/5, Loss: 4.252506

Epoch 266/1000 完成 (1.39s)
训练损失: 4.254231
验证损失: 4.232005
Epoch 267, Batch 1/5, Loss: 4.241204

Epoch 267/1000 完成 (1.41s)
训练损失: 4.249078
验证损失: 4.246562
Epoch 268, Batch 1/5, Loss: 4.253289

Epoch 268/1000 完成 (1.35s)
训练损失: 4.246357
验证损失: 4.262277
Epoch 269, Batch 1/5, Loss: 4.250700

Epoch 269/1000 完成 (1.40s)
训练损失: 4.257809
验证损失: 4.266549
Epoch 270, Batch 1/5, Loss: 4.263773

Epoch 270/1000 完成 (1.41s)
训练损失: 4.262475
验证损失: 4.287602
Epoch 271, Batch 1/5, Loss: 4.249156

Epoch 271/1000 完成 (1.39s)
训练损失: 4.251055
验证损失: 4.276500
Epoch 272, Batch 1/5, Loss: 4.267613

Epoch 272/1000 完成 (1.35s)
训练损失: 4.251492
验证损失: 4.225359
Epoch 273, Batch 1/5, Loss: 4.270768

Epoch 273/1000 完成 (1.38s)
训练损失: 4.262345
验证损失: 4.231113
Epoch 274, Batch 1/5, Loss: 4.231009

Epoch 274/1000 完成 (1.36s)
训练损失: 4.250191
验证损失: 4.277830
Epoch 275, Batch 1/5, Loss: 4.258054

Epoch 275/1000 完成 (1.42s)
训练损失: 4.254940
验证损失: 4.268207
Epoch 276, Batch 1/5, Loss: 4.270052

Epoch 276/1000 完成 (1.37s)
训练损失: 4.255002
验证损失: 4.251424
Epoch 277, Batch 1/5, Loss: 4.260649

Epoch 277/1000 完成 (1.35s)
训练损失: 4.242105
验证损失: 4.259549
Epoch 278, Batch 1/5, Loss: 4.262611

Epoch 278/1000 完成 (1.36s)
训练损失: 4.255870
验证损失: 4.294015
Epoch 279, Batch 1/5, Loss: 4.256757

Epoch 279/1000 完成 (1.37s)
训练损失: 4.263459
验证损失: 4.270149
Epoch 280, Batch 1/5, Loss: 4.236779

Epoch 280/1000 完成 (1.37s)
训练损失: 4.254169
验证损失: 4.274500
Epoch 281, Batch 1/5, Loss: 4.245170

Epoch 281/1000 完成 (1.39s)
训练损失: 4.250593
验证损失: 4.266177
Epoch 282, Batch 1/5, Loss: 4.236881

Epoch 282/1000 完成 (1.40s)
训练损失: 4.246908
验证损失: 4.260541
Epoch 283, Batch 1/5, Loss: 4.251088

Epoch 283/1000 完成 (1.44s)
训练损失: 4.259152
验证损失: 4.273978
Epoch 284, Batch 1/5, Loss: 4.232178

Epoch 284/1000 完成 (1.36s)
训练损失: 4.253833
验证损失: 4.295770
Epoch 285, Batch 1/5, Loss: 4.258232

Epoch 285/1000 完成 (1.36s)
训练损失: 4.255991
验证损失: 4.239340
Epoch 286, Batch 1/5, Loss: 4.282992

Epoch 286/1000 完成 (1.37s)
训练损失: 4.268423
验证损失: 4.239939
Epoch 287, Batch 1/5, Loss: 4.258399

Epoch 287/1000 完成 (1.37s)
训练损失: 4.257176
验证损失: 4.260427
Epoch 288, Batch 1/5, Loss: 4.244039

Epoch 288/1000 完成 (1.37s)
训练损失: 4.255240
验证损失: 4.279542
Epoch 289, Batch 1/5, Loss: 4.246308

Epoch 289/1000 完成 (1.39s)
训练损失: 4.250916
验证损失: 4.245224
Epoch 290, Batch 1/5, Loss: 4.221292

Epoch 290/1000 完成 (1.38s)
训练损失: 4.253317
验证损失: 4.303352
Epoch 291, Batch 1/5, Loss: 4.233654

Epoch 291/1000 完成 (1.36s)
训练损失: 4.256768
验证损失: 4.247710
Epoch 292, Batch 1/5, Loss: 4.267968

Epoch 292/1000 完成 (1.38s)
训练损失: 4.259255
验证损失: 4.305264
Epoch 293, Batch 1/5, Loss: 4.222765

Epoch 293/1000 完成 (1.40s)
训练损失: 4.256853
验证损失: 4.254211
Epoch 294, Batch 1/5, Loss: 4.266117

Epoch 294/1000 完成 (1.39s)
训练损失: 4.254506
验证损失: 4.252723
Epoch 295, Batch 1/5, Loss: 4.262925

Epoch 295/1000 完成 (1.41s)
训练损失: 4.268925
验证损失: 4.260793
Epoch 296, Batch 1/5, Loss: 4.253572

Epoch 296/1000 完成 (1.41s)
训练损失: 4.265161
验证损失: 4.253475
Epoch 297, Batch 1/5, Loss: 4.238603

Epoch 297/1000 完成 (1.38s)
训练损失: 4.247229
验证损失: 4.272577
Epoch 298, Batch 1/5, Loss: 4.279519

Epoch 298/1000 完成 (1.37s)
训练损失: 4.257633
验证损失: 4.247816
Epoch 299, Batch 1/5, Loss: 4.229923

Epoch 299/1000 完成 (1.41s)
训练损失: 4.247740
验证损失: 4.253413
Epoch 300, Batch 1/5, Loss: 4.229357

Epoch 300/1000 完成 (1.40s)
训练损失: 4.252844
验证损失: 4.271576
Epoch 301, Batch 1/5, Loss: 4.254635

Epoch 301/1000 完成 (1.38s)
训练损失: 4.252177
验证损失: 4.241349
Epoch 302, Batch 1/5, Loss: 4.238832

Epoch 302/1000 完成 (1.38s)
训练损失: 4.255201
验证损失: 4.268163
Epoch 303, Batch 1/5, Loss: 4.269942

Epoch 303/1000 完成 (1.39s)
训练损失: 4.257734
验证损失: 4.260734
Epoch 304, Batch 1/5, Loss: 4.276564

Epoch 304/1000 完成 (1.39s)
训练损失: 4.250485
验证损失: 4.273517
Epoch 305, Batch 1/5, Loss: 4.280961

Epoch 305/1000 完成 (1.36s)
训练损失: 4.241426
验证损失: 4.236074
Epoch 306, Batch 1/5, Loss: 4.239288

Epoch 306/1000 完成 (1.39s)
训练损失: 4.260842
验证损失: 4.247063
Epoch 307, Batch 1/5, Loss: 4.276641

Epoch 307/1000 完成 (1.37s)
训练损失: 4.262712
验证损失: 4.246187
Epoch 308, Batch 1/5, Loss: 4.238441

Epoch 308/1000 完成 (1.36s)
训练损失: 4.259472
验证损失: 4.249763
Epoch 309, Batch 1/5, Loss: 4.254463

Epoch 309/1000 完成 (1.36s)
训练损失: 4.246562
验证损失: 4.231932
Epoch 310, Batch 1/5, Loss: 4.253282

Epoch 310/1000 完成 (1.41s)
训练损失: 4.242768
验证损失: 4.252664
Epoch 311, Batch 1/5, Loss: 4.263632

Epoch 311/1000 完成 (1.39s)
训练损失: 4.264235
验证损失: 4.317799
Epoch 312, Batch 1/5, Loss: 4.276576

Epoch 312/1000 完成 (1.39s)
训练损失: 4.272839
验证损失: 4.235871
Epoch 313, Batch 1/5, Loss: 4.225702

Epoch 313/1000 完成 (1.38s)
训练损失: 4.250300
验证损失: 4.243431
Epoch 314, Batch 1/5, Loss: 4.246529

Epoch 314/1000 完成 (1.40s)
训练损失: 4.262733
验证损失: 4.297884
Epoch 315, Batch 1/5, Loss: 4.297073

Epoch 315/1000 完成 (1.38s)
训练损失: 4.254263
验证损失: 4.286073
Epoch 316, Batch 1/5, Loss: 4.243690

Epoch 316/1000 完成 (1.39s)
训练损失: 4.257045
验证损失: 4.261420
Epoch 317, Batch 1/5, Loss: 4.238240

Epoch 317/1000 完成 (1.37s)
训练损失: 4.258201
验证损失: 4.252684
Epoch 318, Batch 1/5, Loss: 4.249516

Epoch 318/1000 完成 (1.42s)
训练损失: 4.248855
验证损失: 4.238157
Epoch 319, Batch 1/5, Loss: 4.249742

Epoch 319/1000 完成 (1.36s)
训练损失: 4.254748
验证损失: 4.244283
Epoch 320, Batch 1/5, Loss: 4.268225

Epoch 320/1000 完成 (1.36s)
训练损失: 4.256535
验证损失: 4.260166
Epoch 321, Batch 1/5, Loss: 4.273091

Epoch 321/1000 完成 (1.38s)
训练损失: 4.272276
验证损失: 4.247764
Epoch 322, Batch 1/5, Loss: 4.246443

Epoch 322/1000 完成 (1.36s)
训练损失: 4.258121
验证损失: 4.247964
Epoch 323, Batch 1/5, Loss: 4.226698

Epoch 323/1000 完成 (1.40s)
训练损失: 4.247316
验证损失: 4.300851
Epoch 324, Batch 1/5, Loss: 4.258575

Epoch 324/1000 完成 (1.37s)
训练损失: 4.262965
验证损失: 4.269848
Epoch 325, Batch 1/5, Loss: 4.237324

Epoch 325/1000 完成 (1.40s)
训练损失: 4.246888
验证损失: 4.260288
Epoch 326, Batch 1/5, Loss: 4.255029

Epoch 326/1000 完成 (1.36s)
训练损失: 4.260213
验证损失: 4.246338
Epoch 327, Batch 1/5, Loss: 4.247997

Epoch 327/1000 完成 (1.38s)
训练损失: 4.257827
验证损失: 4.252285
Epoch 328, Batch 1/5, Loss: 4.261718

Epoch 328/1000 完成 (1.39s)
训练损失: 4.248421
验证损失: 4.260456
Epoch 329, Batch 1/5, Loss: 4.239013

Epoch 329/1000 完成 (1.36s)
训练损失: 4.249757
验证损失: 4.273222
Epoch 330, Batch 1/5, Loss: 4.232612

Epoch 330/1000 完成 (1.40s)
训练损失: 4.250512
验证损失: 4.286075
Epoch 331, Batch 1/5, Loss: 4.237550

Epoch 331/1000 完成 (1.38s)
训练损失: 4.256309
验证损失: 4.300157
Epoch 332, Batch 1/5, Loss: 4.215594

Epoch 332/1000 完成 (1.35s)
训练损失: 4.239311
验证损失: 4.263502
Epoch 333, Batch 1/5, Loss: 4.258101

Epoch 333/1000 完成 (1.36s)
训练损失: 4.261707
验证损失: 4.263331
Epoch 334, Batch 1/5, Loss: 4.277262

Epoch 334/1000 完成 (1.39s)
训练损失: 4.267373
验证损失: 4.252633
Epoch 335, Batch 1/5, Loss: 4.276394

Epoch 335/1000 完成 (1.38s)
训练损失: 4.258313
验证损失: 4.269285
Epoch 336, Batch 1/5, Loss: 4.244412

Epoch 336/1000 完成 (1.41s)
训练损失: 4.254697
验证损失: 4.273598
Epoch 337, Batch 1/5, Loss: 4.268428

Epoch 337/1000 完成 (1.37s)
训练损失: 4.259337
验证损失: 4.255223
Epoch 338, Batch 1/5, Loss: 4.255864

Epoch 338/1000 完成 (1.36s)
训练损失: 4.264690
验证损失: 4.249800
Epoch 339, Batch 1/5, Loss: 4.240752

Epoch 339/1000 完成 (1.39s)
训练损失: 4.260643
验证损失: 4.247723
Epoch 340, Batch 1/5, Loss: 4.263080

Epoch 340/1000 完成 (1.38s)
训练损失: 4.259425
验证损失: 4.274009
Epoch 341, Batch 1/5, Loss: 4.262796

Epoch 341/1000 完成 (1.39s)
训练损失: 4.261539
验证损失: 4.268906
Epoch 342, Batch 1/5, Loss: 4.235863

Epoch 342/1000 完成 (1.38s)
训练损失: 4.261886
验证损失: 4.253350
Epoch 343, Batch 1/5, Loss: 4.279139

Epoch 343/1000 完成 (1.39s)
训练损失: 4.257268
验证损失: 4.234330
Epoch 344, Batch 1/5, Loss: 4.220586

Epoch 344/1000 完成 (1.36s)
训练损失: 4.253105
验证损失: 4.240320
Epoch 345, Batch 1/5, Loss: 4.270121

Epoch 345/1000 完成 (1.36s)
训练损失: 4.268905
验证损失: 4.280064
Epoch 346, Batch 1/5, Loss: 4.251673

Epoch 346/1000 完成 (1.37s)
训练损失: 4.253872
验证损失: 4.275250
Epoch 347, Batch 1/5, Loss: 4.245751

Epoch 347/1000 完成 (1.36s)
训练损失: 4.260608
验证损失: 4.291435
Epoch 348, Batch 1/5, Loss: 4.240451

Epoch 348/1000 完成 (1.34s)
训练损失: 4.252163
验证损失: 4.264978
Epoch 349, Batch 1/5, Loss: 4.267955

Epoch 349/1000 完成 (1.40s)
训练损失: 4.263188
验证损失: 4.238458
Epoch 350, Batch 1/5, Loss: 4.271297

Epoch 350/1000 完成 (1.34s)
训练损失: 4.260205
验证损失: 4.283344
Epoch 351, Batch 1/5, Loss: 4.249289

Epoch 351/1000 完成 (1.42s)
训练损失: 4.257800
验证损失: 4.274897
Epoch 352, Batch 1/5, Loss: 4.241284

Epoch 352/1000 完成 (1.39s)
训练损失: 4.252289
验证损失: 4.281291
Epoch 353, Batch 1/5, Loss: 4.270507

Epoch 353/1000 完成 (1.40s)
训练损失: 4.258916
验证损失: 4.276018
Epoch 354, Batch 1/5, Loss: 4.246334

Epoch 354/1000 完成 (1.41s)
训练损失: 4.249564
验证损失: 4.297021
Epoch 355, Batch 1/5, Loss: 4.251433

Epoch 355/1000 完成 (1.42s)
训练损失: 4.249242
验证损失: 4.241429
Epoch 356, Batch 1/5, Loss: 4.271557

Epoch 356/1000 完成 (1.42s)
训练损失: 4.261508
验证损失: 4.253199
Epoch 357, Batch 1/5, Loss: 4.253360

Epoch 357/1000 完成 (1.41s)
训练损失: 4.253900
验证损失: 4.282815
Epoch 358, Batch 1/5, Loss: 4.260641

Epoch 358/1000 完成 (1.37s)
训练损失: 4.262667
验证损失: 4.256807
Epoch 359, Batch 1/5, Loss: 4.247590

Epoch 359/1000 完成 (1.40s)
训练损失: 4.265644
验证损失: 4.248832
Epoch 360, Batch 1/5, Loss: 4.257325

Epoch 360/1000 完成 (1.39s)
训练损失: 4.250595
验证损失: 4.248198
Epoch 361, Batch 1/5, Loss: 4.232722

Epoch 361/1000 完成 (1.39s)
训练损失: 4.241598
验证损失: 4.259312
Epoch 362, Batch 1/5, Loss: 4.264681

Epoch 362/1000 完成 (1.40s)
训练损失: 4.250527
验证损失: 4.273785
Epoch 363, Batch 1/5, Loss: 4.251082

Epoch 363/1000 完成 (1.41s)
训练损失: 4.264680
验证损失: 4.256080
Epoch 364, Batch 1/5, Loss: 4.252975

Epoch 364/1000 完成 (1.39s)
训练损失: 4.259203
验证损失: 4.275017
Epoch 365, Batch 1/5, Loss: 4.283768

Epoch 365/1000 完成 (1.38s)
训练损失: 4.270227
验证损失: 4.263365
Epoch 366, Batch 1/5, Loss: 4.223483

Epoch 366/1000 完成 (1.41s)
训练损失: 4.252029
验证损失: 4.229296
Epoch 367, Batch 1/5, Loss: 4.269669

Epoch 367/1000 完成 (1.37s)
训练损失: 4.254456
验证损失: 4.276716
Epoch 368, Batch 1/5, Loss: 4.252681

Epoch 368/1000 完成 (1.43s)
训练损失: 4.254794
验证损失: 4.286330
Epoch 369, Batch 1/5, Loss: 4.260674

Epoch 369/1000 完成 (1.39s)
训练损失: 4.246494
验证损失: 4.217227
Epoch 370, Batch 1/5, Loss: 4.233646

Epoch 370/1000 完成 (1.36s)
训练损失: 4.252610
验证损失: 4.286049
Epoch 371, Batch 1/5, Loss: 4.266057

Epoch 371/1000 完成 (1.40s)
训练损失: 4.256205
验证损失: 4.257122
Epoch 372, Batch 1/5, Loss: 4.263496

Epoch 372/1000 完成 (1.42s)
训练损失: 4.262950
验证损失: 4.284265
Epoch 373, Batch 1/5, Loss: 4.228960

Epoch 373/1000 完成 (1.39s)
训练损失: 4.248150
验证损失: 4.270372
Epoch 374, Batch 1/5, Loss: 4.281104

Epoch 374/1000 完成 (1.38s)
训练损失: 4.255213
验证损失: 4.233601
Epoch 375, Batch 1/5, Loss: 4.256464

Epoch 375/1000 完成 (1.40s)
训练损失: 4.255346
验证损失: 4.257965
Epoch 376, Batch 1/5, Loss: 4.246594

Epoch 376/1000 完成 (1.41s)
训练损失: 4.248497
验证损失: 4.235014
Epoch 377, Batch 1/5, Loss: 4.247900

Epoch 377/1000 完成 (1.37s)
训练损失: 4.260541
验证损失: 4.233849
Epoch 378, Batch 1/5, Loss: 4.264024

Epoch 378/1000 完成 (1.39s)
训练损失: 4.254220
验证损失: 4.259917
Epoch 379, Batch 1/5, Loss: 4.250457

Epoch 379/1000 完成 (1.37s)
训练损失: 4.247240
验证损失: 4.291620
Epoch 380, Batch 1/5, Loss: 4.261350

Epoch 380/1000 完成 (1.39s)
训练损失: 4.264804
验证损失: 4.239123
Epoch 381, Batch 1/5, Loss: 4.230552

Epoch 381/1000 完成 (1.36s)
训练损失: 4.250143
验证损失: 4.241197
Epoch 382, Batch 1/5, Loss: 4.248050

Epoch 382/1000 完成 (1.40s)
训练损失: 4.262694
验证损失: 4.284834
Epoch 383, Batch 1/5, Loss: 4.247038

Epoch 383/1000 完成 (1.43s)
训练损失: 4.247518
验证损失: 4.285833
Epoch 384, Batch 1/5, Loss: 4.250611

Epoch 384/1000 完成 (1.37s)
训练损失: 4.256966
验证损失: 4.228040
Epoch 385, Batch 1/5, Loss: 4.269420

Epoch 385/1000 完成 (1.41s)
训练损失: 4.256522
验证损失: 4.287720
Epoch 386, Batch 1/5, Loss: 4.270086

Epoch 386/1000 完成 (1.38s)
训练损失: 4.254683
验证损失: 4.244352
Epoch 387, Batch 1/5, Loss: 4.253495

Epoch 387/1000 完成 (1.38s)
训练损失: 4.254474
验证损失: 4.239903
Epoch 388, Batch 1/5, Loss: 4.247570

Epoch 388/1000 完成 (1.41s)
训练损失: 4.256332
验证损失: 4.279853
Epoch 389, Batch 1/5, Loss: 4.262884

Epoch 389/1000 完成 (1.41s)
训练损失: 4.254725
验证损失: 4.264944
Epoch 390, Batch 1/5, Loss: 4.255800

Epoch 390/1000 完成 (1.41s)
训练损失: 4.266020
验证损失: 4.278701
Epoch 391, Batch 1/5, Loss: 4.261635

Epoch 391/1000 完成 (1.35s)
训练损失: 4.257328
验证损失: 4.271051
Epoch 392, Batch 1/5, Loss: 4.233502

Epoch 392/1000 完成 (1.38s)
训练损失: 4.255662
验证损失: 4.267786
Epoch 393, Batch 1/5, Loss: 4.255248

Epoch 393/1000 完成 (1.42s)
训练损失: 4.254074
验证损失: 4.265690
Epoch 394, Batch 1/5, Loss: 4.252001

Epoch 394/1000 完成 (1.40s)
训练损失: 4.256425
验证损失: 4.235357
Epoch 395, Batch 1/5, Loss: 4.264221

Epoch 395/1000 完成 (1.38s)
训练损失: 4.252473
验证损失: 4.224594
Epoch 396, Batch 1/5, Loss: 4.241257

Epoch 396/1000 完成 (1.39s)
训练损失: 4.265387
验证损失: 4.259671
Epoch 397, Batch 1/5, Loss: 4.280279

Epoch 397/1000 完成 (1.39s)
训练损失: 4.265151
验证损失: 4.238923
Epoch 398, Batch 1/5, Loss: 4.236255

Epoch 398/1000 完成 (1.41s)
训练损失: 4.255481
验证损失: 4.262518
Epoch 399, Batch 1/5, Loss: 4.244580

Epoch 399/1000 完成 (1.40s)
训练损失: 4.253497
验证损失: 4.283219
Epoch 400, Batch 1/5, Loss: 4.274405

Epoch 400/1000 完成 (1.39s)
训练损失: 4.256749
验证损失: 4.269548
Epoch 401, Batch 1/5, Loss: 4.280278

Epoch 401/1000 完成 (1.42s)
训练损失: 4.262935
验证损失: 4.268716
Epoch 402, Batch 1/5, Loss: 4.218816

Epoch 402/1000 完成 (1.41s)
训练损失: 4.237097
验证损失: 4.260450
Epoch 403, Batch 1/5, Loss: 4.241804

Epoch 403/1000 完成 (1.37s)
训练损失: 4.241710
验证损失: 4.244991
Epoch 404, Batch 1/5, Loss: 4.296471

Epoch 404/1000 完成 (1.37s)
训练损失: 4.266369
验证损失: 4.263947
Epoch 405, Batch 1/5, Loss: 4.255993

Epoch 405/1000 完成 (1.40s)
训练损失: 4.249095
验证损失: 4.245980
Epoch 406, Batch 1/5, Loss: 4.269620

Epoch 406/1000 完成 (1.36s)
训练损失: 4.269960
验证损失: 4.270921
Epoch 407, Batch 1/5, Loss: 4.255048

Epoch 407/1000 完成 (1.40s)
训练损失: 4.253520
验证损失: 4.297038
Epoch 408, Batch 1/5, Loss: 4.233886

Epoch 408/1000 完成 (1.40s)
训练损失: 4.258772
验证损失: 4.274119
Epoch 409, Batch 1/5, Loss: 4.265131

Epoch 409/1000 完成 (1.36s)
训练损失: 4.264126
验证损失: 4.234438
Epoch 410, Batch 1/5, Loss: 4.254444

Epoch 410/1000 完成 (1.41s)
训练损失: 4.243351
验证损失: 4.285478
Epoch 411, Batch 1/5, Loss: 4.269144

Epoch 411/1000 完成 (1.35s)
训练损失: 4.266483
验证损失: 4.250884
Epoch 412, Batch 1/5, Loss: 4.258100

Epoch 412/1000 完成 (1.41s)
训练损失: 4.256839
验证损失: 4.243050
Epoch 413, Batch 1/5, Loss: 4.261322

Epoch 413/1000 完成 (1.37s)
训练损失: 4.248131
验证损失: 4.265994
Epoch 414, Batch 1/5, Loss: 4.264924

Epoch 414/1000 完成 (1.35s)
训练损失: 4.263279
验证损失: 4.241308
Epoch 415, Batch 1/5, Loss: 4.276952

Epoch 415/1000 完成 (1.43s)
训练损失: 4.274543
验证损失: 4.248485
Epoch 416, Batch 1/5, Loss: 4.239874

Epoch 416/1000 完成 (1.40s)
训练损失: 4.249329
验证损失: 4.263004
Epoch 417, Batch 1/5, Loss: 4.244985

Epoch 417/1000 完成 (1.37s)
训练损失: 4.265149
验证损失: 4.255816
Epoch 418, Batch 1/5, Loss: 4.252304

Epoch 418/1000 完成 (1.40s)
训练损失: 4.246580
验证损失: 4.289779
Epoch 419, Batch 1/5, Loss: 4.263929

Epoch 419/1000 完成 (1.36s)
训练损失: 4.258520
验证损失: 4.220839
Epoch 420, Batch 1/5, Loss: 4.301754

Epoch 420/1000 完成 (1.43s)
训练损失: 4.266517
验证损失: 4.271962
Epoch 421, Batch 1/5, Loss: 4.216668

Epoch 421/1000 完成 (1.35s)
训练损失: 4.256784
验证损失: 4.259143
Epoch 422, Batch 1/5, Loss: 4.254107

Epoch 422/1000 完成 (1.40s)
训练损失: 4.271931
验证损失: 4.255876
Epoch 423, Batch 1/5, Loss: 4.269549

Epoch 423/1000 完成 (1.37s)
训练损失: 4.256918
验证损失: 4.250224
Epoch 424, Batch 1/5, Loss: 4.257007

Epoch 424/1000 完成 (1.38s)
训练损失: 4.262452
验证损失: 4.260930
Epoch 425, Batch 1/5, Loss: 4.285122

Epoch 425/1000 完成 (1.36s)
训练损失: 4.262921
验证损失: 4.236089
Epoch 426, Batch 1/5, Loss: 4.268803

Epoch 426/1000 完成 (1.43s)
训练损失: 4.242526
验证损失: 4.242249
Epoch 427, Batch 1/5, Loss: 4.219377

Epoch 427/1000 完成 (1.38s)
训练损失: 4.251425
验证损失: 4.246696
Epoch 428, Batch 1/5, Loss: 4.244990

Epoch 428/1000 完成 (1.36s)
训练损失: 4.258346
验证损失: 4.275986
Epoch 429, Batch 1/5, Loss: 4.252118

Epoch 429/1000 完成 (1.40s)
训练损失: 4.255085
验证损失: 4.284716
Epoch 430, Batch 1/5, Loss: 4.277748

Epoch 430/1000 完成 (1.36s)
训练损失: 4.264594
验证损失: 4.296440
Epoch 431, Batch 1/5, Loss: 4.277877

Epoch 431/1000 完成 (1.35s)
训练损失: 4.271790
验证损失: 4.269366
Epoch 432, Batch 1/5, Loss: 4.240845

Epoch 432/1000 完成 (1.37s)
训练损失: 4.256832
验证损失: 4.278379
Epoch 433, Batch 1/5, Loss: 4.268588

Epoch 433/1000 完成 (1.35s)
训练损失: 4.257146
验证损失: 4.262129
Epoch 434, Batch 1/5, Loss: 4.257451

Epoch 434/1000 完成 (1.36s)
训练损失: 4.265111
验证损失: 4.251323
Epoch 435, Batch 1/5, Loss: 4.230532

Epoch 435/1000 完成 (1.37s)
训练损失: 4.247101
验证损失: 4.267012
Epoch 436, Batch 1/5, Loss: 4.256374

Epoch 436/1000 完成 (1.42s)
训练损失: 4.250689
验证损失: 4.273674
Epoch 437, Batch 1/5, Loss: 4.236383

Epoch 437/1000 完成 (1.40s)
训练损失: 4.250064
验证损失: 4.231633
Epoch 438, Batch 1/5, Loss: 4.255990

Epoch 438/1000 完成 (1.42s)
训练损失: 4.260222
验证损失: 4.265650
Epoch 439, Batch 1/5, Loss: 4.250570

Epoch 439/1000 完成 (1.35s)
训练损失: 4.264394
验证损失: 4.238907
Epoch 440, Batch 1/5, Loss: 4.239462

Epoch 440/1000 完成 (1.36s)
训练损失: 4.249467
验证损失: 4.248633
Epoch 441, Batch 1/5, Loss: 4.258193

Epoch 441/1000 完成 (1.37s)
训练损失: 4.248533
验证损失: 4.264196
Epoch 442, Batch 1/5, Loss: 4.239754

Epoch 442/1000 完成 (1.42s)
训练损失: 4.250575
验证损失: 4.269989
Epoch 443, Batch 1/5, Loss: 4.223680

Epoch 443/1000 完成 (1.44s)
训练损失: 4.255114
验证损失: 4.266155
Epoch 444, Batch 1/5, Loss: 4.248551

Epoch 444/1000 完成 (1.41s)
训练损失: 4.257773
验证损失: 4.238662
Epoch 445, Batch 1/5, Loss: 4.254433

Epoch 445/1000 完成 (1.39s)
训练损失: 4.262457
验证损失: 4.218229
Epoch 446, Batch 1/5, Loss: 4.257045

Epoch 446/1000 完成 (1.41s)
训练损失: 4.245335
验证损失: 4.266907
Epoch 447, Batch 1/5, Loss: 4.250268

Epoch 447/1000 完成 (1.42s)
训练损失: 4.265088
验证损失: 4.217625
Epoch 448, Batch 1/5, Loss: 4.252160

Epoch 448/1000 完成 (1.41s)
训练损失: 4.258941
验证损失: 4.253421
Epoch 449, Batch 1/5, Loss: 4.251822

Epoch 449/1000 完成 (1.37s)
训练损失: 4.259941
验证损失: 4.299503
Epoch 450, Batch 1/5, Loss: 4.261288

Epoch 450/1000 完成 (1.39s)
训练损失: 4.249906
验证损失: 4.258817
Epoch 451, Batch 1/5, Loss: 4.232833

Epoch 451/1000 完成 (1.38s)
训练损失: 4.256789
验证损失: 4.286352
Epoch 452, Batch 1/5, Loss: 4.230398

Epoch 452/1000 完成 (1.40s)
训练损失: 4.250265
验证损失: 4.260814
Epoch 453, Batch 1/5, Loss: 4.290320

Epoch 453/1000 完成 (1.42s)
训练损失: 4.273293
验证损失: 4.262031
Epoch 454, Batch 1/5, Loss: 4.223614

Epoch 454/1000 完成 (1.35s)
训练损失: 4.251653
验证损失: 4.261917
Epoch 455, Batch 1/5, Loss: 4.262945

Epoch 455/1000 完成 (1.38s)
训练损失: 4.259149
验证损失: 4.276128
Epoch 456, Batch 1/5, Loss: 4.251312

Epoch 456/1000 完成 (1.40s)
训练损失: 4.249369
验证损失: 4.263864
Epoch 457, Batch 1/5, Loss: 4.242671

Epoch 457/1000 完成 (1.42s)
训练损失: 4.264957
验证损失: 4.224239
Epoch 458, Batch 1/5, Loss: 4.241363

Epoch 458/1000 完成 (1.43s)
训练损失: 4.245249
验证损失: 4.243590
Epoch 459, Batch 1/5, Loss: 4.258785

Epoch 459/1000 完成 (1.38s)
训练损失: 4.246744
验证损失: 4.274434
Epoch 460, Batch 1/5, Loss: 4.288675

Epoch 460/1000 完成 (1.41s)
训练损失: 4.270344
验证损失: 4.254787
Epoch 461, Batch 1/5, Loss: 4.247358

Epoch 461/1000 完成 (1.37s)
训练损失: 4.250668
验证损失: 4.242805
Epoch 462, Batch 1/5, Loss: 4.285310

Epoch 462/1000 完成 (1.40s)
训练损失: 4.265191
验证损失: 4.263865
Epoch 463, Batch 1/5, Loss: 4.239053

Epoch 463/1000 完成 (1.43s)
训练损失: 4.243667
验证损失: 4.273255
Epoch 464, Batch 1/5, Loss: 4.269728

Epoch 464/1000 完成 (1.37s)
训练损失: 4.242811
验证损失: 4.287500
Epoch 465, Batch 1/5, Loss: 4.266202

Epoch 465/1000 完成 (1.37s)
训练损失: 4.256649
验证损失: 4.241812
Epoch 466, Batch 1/5, Loss: 4.258772

Epoch 466/1000 完成 (1.42s)
训练损失: 4.258945
验证损失: 4.265485
Epoch 467, Batch 1/5, Loss: 4.261587

Epoch 467/1000 完成 (1.39s)
训练损失: 4.258473
验证损失: 4.273134
Epoch 468, Batch 1/5, Loss: 4.227668

Epoch 468/1000 完成 (1.40s)
训练损失: 4.262065
验证损失: 4.245203
Epoch 469, Batch 1/5, Loss: 4.255908

Epoch 469/1000 完成 (1.40s)
训练损失: 4.246862
验证损失: 4.244272
Epoch 470, Batch 1/5, Loss: 4.265820

Epoch 470/1000 完成 (1.35s)
训练损失: 4.263692
验证损失: 4.246873
Epoch 471, Batch 1/5, Loss: 4.276502

Epoch 471/1000 完成 (1.41s)
训练损失: 4.263015
验证损失: 4.271151
Epoch 472, Batch 1/5, Loss: 4.262350

Epoch 472/1000 完成 (1.39s)
训练损失: 4.263083
验证损失: 4.257245
Epoch 473, Batch 1/5, Loss: 4.247256

Epoch 473/1000 完成 (1.38s)
训练损失: 4.251928
验证损失: 4.247905
Epoch 474, Batch 1/5, Loss: 4.240613

Epoch 474/1000 完成 (1.39s)
训练损失: 4.255154
验证损失: 4.275611
Epoch 475, Batch 1/5, Loss: 4.235505

Epoch 475/1000 完成 (1.39s)
训练损失: 4.257484
验证损失: 4.283909
Epoch 476, Batch 1/5, Loss: 4.263096

Epoch 476/1000 完成 (1.37s)
训练损失: 4.258523
验证损失: 4.281354
Epoch 477, Batch 1/5, Loss: 4.245643

Epoch 477/1000 完成 (1.38s)
训练损失: 4.255352
验证损失: 4.255599
Epoch 478, Batch 1/5, Loss: 4.266311

Epoch 478/1000 完成 (1.36s)
训练损失: 4.258684
验证损失: 4.301713
Epoch 479, Batch 1/5, Loss: 4.249486

Epoch 479/1000 完成 (1.40s)
训练损失: 4.250088
验证损失: 4.286173
Epoch 480, Batch 1/5, Loss: 4.259342

Epoch 480/1000 完成 (1.40s)
训练损失: 4.247826
验证损失: 4.285551
Epoch 481, Batch 1/5, Loss: 4.269653

Epoch 481/1000 完成 (1.41s)
训练损失: 4.238750
验证损失: 4.260750
Epoch 482, Batch 1/5, Loss: 4.276893

Epoch 482/1000 完成 (1.36s)
训练损失: 4.265606
验证损失: 4.260155
Epoch 483, Batch 1/5, Loss: 4.258130

Epoch 483/1000 完成 (1.37s)
训练损失: 4.250712
验证损失: 4.263465
Epoch 484, Batch 1/5, Loss: 4.259725

Epoch 484/1000 完成 (1.36s)
训练损失: 4.258566
验证损失: 4.271678
Epoch 485, Batch 1/5, Loss: 4.245625

Epoch 485/1000 完成 (1.42s)
训练损失: 4.241767
验证损失: 4.289810
Epoch 486, Batch 1/5, Loss: 4.268262

Epoch 486/1000 完成 (1.36s)
训练损失: 4.258891
验证损失: 4.265630
Epoch 487, Batch 1/5, Loss: 4.244675

Epoch 487/1000 完成 (1.36s)
训练损失: 4.253007
验证损失: 4.270627
Epoch 488, Batch 1/5, Loss: 4.258649

Epoch 488/1000 完成 (1.42s)
训练损失: 4.257271
验证损失: 4.257221
Epoch 489, Batch 1/5, Loss: 4.264005

Epoch 489/1000 完成 (1.41s)
训练损失: 4.260683
验证损失: 4.241889
Epoch 490, Batch 1/5, Loss: 4.244126

Epoch 490/1000 完成 (1.40s)
训练损失: 4.238455
验证损失: 4.272911
Epoch 491, Batch 1/5, Loss: 4.244282

Epoch 491/1000 完成 (1.41s)
训练损失: 4.264321
验证损失: 4.262775
Epoch 492, Batch 1/5, Loss: 4.260643

Epoch 492/1000 完成 (1.41s)
训练损失: 4.255864
验证损失: 4.272894
Epoch 493, Batch 1/5, Loss: 4.263014

Epoch 493/1000 完成 (1.39s)
训练损失: 4.265470
验证损失: 4.253906
Epoch 494, Batch 1/5, Loss: 4.260068

Epoch 494/1000 完成 (1.36s)
训练损失: 4.270187
验证损失: 4.266240
Epoch 495, Batch 1/5, Loss: 4.280633

Epoch 495/1000 完成 (1.38s)
训练损失: 4.268604
验证损失: 4.285548
Epoch 496, Batch 1/5, Loss: 4.260995

Epoch 496/1000 完成 (1.38s)
训练损失: 4.253308
验证损失: 4.266480
Epoch 497, Batch 1/5, Loss: 4.283428

Epoch 497/1000 完成 (1.40s)
训练损失: 4.255916
验证损失: 4.264947
Epoch 498, Batch 1/5, Loss: 4.230231

Epoch 498/1000 完成 (1.41s)
训练损失: 4.250811
验证损失: 4.258226
Epoch 499, Batch 1/5, Loss: 4.275138

Epoch 499/1000 完成 (1.36s)
训练损失: 4.259684
验证损失: 4.263098
Epoch 500, Batch 1/5, Loss: 4.264486

Epoch 500/1000 完成 (1.43s)
训练损失: 4.262824
验证损失: 4.237971
Epoch 501, Batch 1/5, Loss: 4.259929

Epoch 501/1000 完成 (1.38s)
训练损失: 4.253518
验证损失: 4.278244
Epoch 502, Batch 1/5, Loss: 4.259163

Epoch 502/1000 完成 (1.41s)
训练损失: 4.271105
验证损失: 4.253468
Epoch 503, Batch 1/5, Loss: 4.247488

Epoch 503/1000 完成 (1.40s)
训练损失: 4.247721
验证损失: 4.246318
Epoch 504, Batch 1/5, Loss: 4.268641

Epoch 504/1000 完成 (1.42s)
训练损失: 4.251618
验证损失: 4.255328
Epoch 505, Batch 1/5, Loss: 4.242455

Epoch 505/1000 完成 (1.42s)
训练损失: 4.259228
验证损失: 4.259536
Epoch 506, Batch 1/5, Loss: 4.243731

Epoch 506/1000 完成 (1.42s)
训练损失: 4.263155
验证损失: 4.269660
Epoch 507, Batch 1/5, Loss: 4.253637

Epoch 507/1000 完成 (1.38s)
训练损失: 4.256290
验证损失: 4.261736
Epoch 508, Batch 1/5, Loss: 4.265907

Epoch 508/1000 完成 (1.39s)
训练损失: 4.262150
验证损失: 4.286674
Epoch 509, Batch 1/5, Loss: 4.249986

Epoch 509/1000 完成 (1.41s)
训练损失: 4.256414
验证损失: 4.269417
Epoch 510, Batch 1/5, Loss: 4.234981

Epoch 510/1000 完成 (1.41s)
训练损失: 4.264434
验证损失: 4.265168
Epoch 511, Batch 1/5, Loss: 4.239337

Epoch 511/1000 完成 (1.42s)
训练损失: 4.258780
验证损失: 4.250946
Epoch 512, Batch 1/5, Loss: 4.251906

Epoch 512/1000 完成 (1.43s)
训练损失: 4.250595
验证损失: 4.272508
Epoch 513, Batch 1/5, Loss: 4.218419

Epoch 513/1000 完成 (1.40s)
训练损失: 4.243111
验证损失: 4.250493
Epoch 514, Batch 1/5, Loss: 4.246953

Epoch 514/1000 完成 (1.40s)
训练损失: 4.260737
验证损失: 4.270320
Epoch 515, Batch 1/5, Loss: 4.252902

Epoch 515/1000 完成 (1.36s)
训练损失: 4.247579
验证损失: 4.278163
Epoch 516, Batch 1/5, Loss: 4.266331

Epoch 516/1000 完成 (1.40s)
训练损失: 4.260399
验证损失: 4.264244
Epoch 517, Batch 1/5, Loss: 4.278690

Epoch 517/1000 完成 (1.44s)
训练损失: 4.258092
验证损失: 4.262157
Epoch 518, Batch 1/5, Loss: 4.240991

Epoch 518/1000 完成 (1.37s)
训练损失: 4.264861
验证损失: 4.259767
Epoch 519, Batch 1/5, Loss: 4.226239

Epoch 519/1000 完成 (1.42s)
训练损失: 4.237013
验证损失: 4.291885
Epoch 520, Batch 1/5, Loss: 4.276451

Epoch 520/1000 完成 (1.37s)
训练损失: 4.258684
验证损失: 4.292775
Epoch 521, Batch 1/5, Loss: 4.273492

Epoch 521/1000 完成 (1.42s)
训练损失: 4.256343
验证损失: 4.265206
Epoch 522, Batch 1/5, Loss: 4.225410

Epoch 522/1000 完成 (1.39s)
训练损失: 4.253034
验证损失: 4.260330
Epoch 523, Batch 1/5, Loss: 4.250256

Epoch 523/1000 完成 (1.40s)
训练损失: 4.252519
验证损失: 4.259348
Epoch 524, Batch 1/5, Loss: 4.273929

Epoch 524/1000 完成 (1.39s)
训练损失: 4.267247
验证损失: 4.270241
Epoch 525, Batch 1/5, Loss: 4.257250

Epoch 525/1000 完成 (1.38s)
训练损失: 4.260525
验证损失: 4.278041
Epoch 526, Batch 1/5, Loss: 4.273184

Epoch 526/1000 完成 (1.35s)
训练损失: 4.252395
验证损失: 4.239736
Epoch 527, Batch 1/5, Loss: 4.257112

Epoch 527/1000 完成 (1.40s)
训练损失: 4.256844
验证损失: 4.259251
Epoch 528, Batch 1/5, Loss: 4.260733

Epoch 528/1000 完成 (1.39s)
训练损失: 4.251494
验证损失: 4.289778
Epoch 529, Batch 1/5, Loss: 4.251863

Epoch 529/1000 完成 (1.42s)
训练损失: 4.252514
验证损失: 4.255222
Epoch 530, Batch 1/5, Loss: 4.253533

Epoch 530/1000 完成 (1.39s)
训练损失: 4.250470
验证损失: 4.255893
Epoch 531, Batch 1/5, Loss: 4.253564

Epoch 531/1000 完成 (1.41s)
训练损失: 4.252679
验证损失: 4.271219
Epoch 532, Batch 1/5, Loss: 4.269850

Epoch 532/1000 完成 (1.41s)
训练损失: 4.264875
验证损失: 4.274790
Epoch 533, Batch 1/5, Loss: 4.274109

Epoch 533/1000 完成 (1.42s)
训练损失: 4.251476
验证损失: 4.271577
Epoch 534, Batch 1/5, Loss: 4.227128

Epoch 534/1000 完成 (1.40s)
训练损失: 4.242751
验证损失: 4.240099
Epoch 535, Batch 1/5, Loss: 4.252439

Epoch 535/1000 完成 (1.41s)
训练损失: 4.255033
验证损失: 4.234751
Epoch 536, Batch 1/5, Loss: 4.208115

Epoch 536/1000 完成 (1.42s)
训练损失: 4.234853
验证损失: 4.277070
Epoch 537, Batch 1/5, Loss: 4.230588

Epoch 537/1000 完成 (1.41s)
训练损失: 4.244952
验证损失: 4.238686
Epoch 538, Batch 1/5, Loss: 4.243691

Epoch 538/1000 完成 (1.38s)
训练损失: 4.252063
验证损失: 4.267242
Epoch 539, Batch 1/5, Loss: 4.242235

Epoch 539/1000 完成 (1.40s)
训练损失: 4.253648
验证损失: 4.234140
Epoch 540, Batch 1/5, Loss: 4.251123

Epoch 540/1000 完成 (1.38s)
训练损失: 4.261731
验证损失: 4.238665
Epoch 541, Batch 1/5, Loss: 4.281649

Epoch 541/1000 完成 (1.38s)
训练损失: 4.267598
验证损失: 4.249067
Epoch 542, Batch 1/5, Loss: 4.288928

Epoch 542/1000 完成 (1.37s)
训练损失: 4.272019
验证损失: 4.246656
Epoch 543, Batch 1/5, Loss: 4.260679

Epoch 543/1000 完成 (1.29s)
训练损失: 4.259979
验证损失: 4.302552
Epoch 544, Batch 1/5, Loss: 4.236282

Epoch 544/1000 完成 (1.34s)
训练损失: 4.248477
验证损失: 4.241600
Epoch 545, Batch 1/5, Loss: 4.234573

Epoch 545/1000 完成 (1.39s)
训练损失: 4.251979
验证损失: 4.268979
Epoch 546, Batch 1/5, Loss: 4.243501

Epoch 546/1000 完成 (1.27s)
训练损失: 4.245968
验证损失: 4.267719
Epoch 547, Batch 1/5, Loss: 4.249495

Epoch 547/1000 完成 (1.28s)
训练损失: 4.247773
验证损失: 4.281427
Epoch 548, Batch 1/5, Loss: 4.257368

Epoch 548/1000 完成 (1.35s)
训练损失: 4.262012
验证损失: 4.262695
Epoch 549, Batch 1/5, Loss: 4.254504

Epoch 549/1000 完成 (1.35s)
训练损失: 4.254528
验证损失: 4.274332
Epoch 550, Batch 1/5, Loss: 4.282813

Epoch 550/1000 完成 (1.41s)
训练损失: 4.260894
验证损失: 4.271850
Epoch 551, Batch 1/5, Loss: 4.276930

Epoch 551/1000 完成 (1.37s)
训练损失: 4.249777
验证损失: 4.282730
Epoch 552, Batch 1/5, Loss: 4.248390

Epoch 552/1000 完成 (1.37s)
训练损失: 4.258921
验证损失: 4.253241
Epoch 553, Batch 1/5, Loss: 4.239406

Epoch 553/1000 完成 (1.42s)
训练损失: 4.259995
验证损失: 4.261786
Epoch 554, Batch 1/5, Loss: 4.265551

Epoch 554/1000 完成 (1.42s)
训练损失: 4.258042
验证损失: 4.269218
Epoch 555, Batch 1/5, Loss: 4.246033

Epoch 555/1000 完成 (1.41s)
训练损失: 4.256490
验证损失: 4.262583
Epoch 556, Batch 1/5, Loss: 4.238966

Epoch 556/1000 完成 (1.43s)
训练损失: 4.261910
验证损失: 4.223092
Epoch 557, Batch 1/5, Loss: 4.244545

Epoch 557/1000 完成 (1.39s)
训练损失: 4.256626
验证损失: 4.249962
Epoch 558, Batch 1/5, Loss: 4.263118

Epoch 558/1000 完成 (1.41s)
训练损失: 4.252879
验证损失: 4.283355
Epoch 559, Batch 1/5, Loss: 4.272237

Epoch 559/1000 完成 (1.41s)
训练损失: 4.257999
验证损失: 4.278006
Epoch 560, Batch 1/5, Loss: 4.265372

Epoch 560/1000 完成 (1.39s)
训练损失: 4.264094
验证损失: 4.271838
Epoch 561, Batch 1/5, Loss: 4.235272

Epoch 561/1000 完成 (1.41s)
训练损失: 4.246573
验证损失: 4.262378
Epoch 562, Batch 1/5, Loss: 4.284083

Epoch 562/1000 完成 (1.39s)
训练损失: 4.268421
验证损失: 4.242182
Epoch 563, Batch 1/5, Loss: 4.254918

Epoch 563/1000 完成 (1.39s)
训练损失: 4.267542
验证损失: 4.225621
Epoch 564, Batch 1/5, Loss: 4.244880

Epoch 564/1000 完成 (1.36s)
训练损失: 4.236509
验证损失: 4.273064
Epoch 565, Batch 1/5, Loss: 4.244866

Epoch 565/1000 完成 (1.38s)
训练损失: 4.257241
验证损失: 4.260013
Epoch 566, Batch 1/5, Loss: 4.217967

Epoch 566/1000 完成 (1.42s)
训练损失: 4.247536
验证损失: 4.275490
Epoch 567, Batch 1/5, Loss: 4.253900

Epoch 567/1000 完成 (1.42s)
训练损失: 4.252012
验证损失: 4.231172
Epoch 568, Batch 1/5, Loss: 4.233912

Epoch 568/1000 完成 (1.45s)
训练损失: 4.251769
验证损失: 4.240433
Epoch 569, Batch 1/5, Loss: 4.231273

Epoch 569/1000 完成 (1.42s)
训练损失: 4.245023
验证损失: 4.267468
Epoch 570, Batch 1/5, Loss: 4.224659

Epoch 570/1000 完成 (1.38s)
训练损失: 4.240420
验证损失: 4.232426
Epoch 571, Batch 1/5, Loss: 4.281243

Epoch 571/1000 完成 (1.39s)
训练损失: 4.262233
验证损失: 4.281608
Epoch 572, Batch 1/5, Loss: 4.233421

Epoch 572/1000 完成 (1.37s)
训练损失: 4.260325
验证损失: 4.232294
Epoch 573, Batch 1/5, Loss: 4.254107

Epoch 573/1000 完成 (1.43s)
训练损失: 4.257723
验证损失: 4.249597
Epoch 574, Batch 1/5, Loss: 4.268425

Epoch 574/1000 完成 (1.38s)
训练损失: 4.259834
验证损失: 4.257593
Epoch 575, Batch 1/5, Loss: 4.272557

Epoch 575/1000 完成 (1.39s)
训练损失: 4.259280
验证损失: 4.252452
Epoch 576, Batch 1/5, Loss: 4.258149

Epoch 576/1000 完成 (1.37s)
训练损失: 4.255698
验证损失: 4.287273
Epoch 577, Batch 1/5, Loss: 4.234024

Epoch 577/1000 完成 (1.38s)
训练损失: 4.260174
验证损失: 4.250401
Epoch 578, Batch 1/5, Loss: 4.264263

Epoch 578/1000 完成 (1.40s)
训练损失: 4.263553
验证损失: 4.256045
Epoch 579, Batch 1/5, Loss: 4.267403

Epoch 579/1000 完成 (1.44s)
训练损失: 4.265099
验证损失: 4.282875
Epoch 580, Batch 1/5, Loss: 4.230131

Epoch 580/1000 完成 (1.41s)
训练损失: 4.254565
验证损失: 4.239940
Epoch 581, Batch 1/5, Loss: 4.264266

Epoch 581/1000 完成 (1.38s)
训练损失: 4.252883
验证损失: 4.280306
Epoch 582, Batch 1/5, Loss: 4.258241

Epoch 582/1000 完成 (1.41s)
训练损失: 4.251382
验证损失: 4.322784
Epoch 583, Batch 1/5, Loss: 4.288586

Epoch 583/1000 完成 (1.45s)
训练损失: 4.256180
验证损失: 4.246170
Epoch 584, Batch 1/5, Loss: 4.292303

Epoch 584/1000 完成 (1.42s)
训练损失: 4.256411
验证损失: 4.251690
Epoch 585, Batch 1/5, Loss: 4.265726

Epoch 585/1000 完成 (1.44s)
训练损失: 4.260562
验证损失: 4.280469
Epoch 586, Batch 1/5, Loss: 4.266820

Epoch 586/1000 完成 (1.38s)
训练损失: 4.264727
验证损失: 4.286921
Epoch 587, Batch 1/5, Loss: 4.279382

Epoch 587/1000 完成 (1.38s)
训练损失: 4.258770
验证损失: 4.246054
Epoch 588, Batch 1/5, Loss: 4.254155

Epoch 588/1000 完成 (1.36s)
训练损失: 4.262136
验证损失: 4.246566
Epoch 589, Batch 1/5, Loss: 4.254876

Epoch 589/1000 完成 (1.43s)
训练损失: 4.260146
验证损失: 4.259219
Epoch 590, Batch 1/5, Loss: 4.259284

Epoch 590/1000 完成 (1.37s)
训练损失: 4.244208
验证损失: 4.239165
Epoch 591, Batch 1/5, Loss: 4.264192

Epoch 591/1000 完成 (1.38s)
训练损失: 4.266496
验证损失: 4.267617
Epoch 592, Batch 1/5, Loss: 4.258008

Epoch 592/1000 完成 (1.43s)
训练损失: 4.266698
验证损失: 4.254313
Epoch 593, Batch 1/5, Loss: 4.258664

Epoch 593/1000 完成 (1.43s)
训练损失: 4.252390
验证损失: 4.272058
Epoch 594, Batch 1/5, Loss: 4.245896

Epoch 594/1000 完成 (1.44s)
训练损失: 4.255947
验证损失: 4.287460
Epoch 595, Batch 1/5, Loss: 4.218803

Epoch 595/1000 完成 (1.41s)
训练损失: 4.250568
验证损失: 4.282512
Epoch 596, Batch 1/5, Loss: 4.267326

Epoch 596/1000 完成 (1.40s)
训练损失: 4.256813
验证损失: 4.251611
Epoch 597, Batch 1/5, Loss: 4.247948

Epoch 597/1000 完成 (1.41s)
训练损失: 4.267696
验证损失: 4.248988
Epoch 598, Batch 1/5, Loss: 4.246480

Epoch 598/1000 完成 (1.37s)
训练损失: 4.260326
验证损失: 4.256960
Epoch 599, Batch 1/5, Loss: 4.251964

Epoch 599/1000 完成 (1.41s)
训练损失: 4.263325
验证损失: 4.235138
Epoch 600, Batch 1/5, Loss: 4.258354

Epoch 600/1000 完成 (1.41s)
训练损失: 4.260839
验证损失: 4.233778
Epoch 601, Batch 1/5, Loss: 4.261051

Epoch 601/1000 完成 (1.41s)
训练损失: 4.249732
验证损失: 4.270302
Epoch 602, Batch 1/5, Loss: 4.234753

Epoch 602/1000 完成 (1.41s)
训练损失: 4.262917
验证损失: 4.266908
Epoch 603, Batch 1/5, Loss: 4.243101

Epoch 603/1000 完成 (1.41s)
训练损失: 4.255873
验证损失: 4.226298
Epoch 604, Batch 1/5, Loss: 4.249408

Epoch 604/1000 完成 (1.40s)
训练损失: 4.253158
验证损失: 4.241799
Epoch 605, Batch 1/5, Loss: 4.234562

Epoch 605/1000 完成 (1.44s)
训练损失: 4.247601
验证损失: 4.242344
Epoch 606, Batch 1/5, Loss: 4.257339

Epoch 606/1000 完成 (1.43s)
训练损失: 4.254127
验证损失: 4.242867
Epoch 607, Batch 1/5, Loss: 4.269646

Epoch 607/1000 完成 (1.37s)
训练损失: 4.264016
验证损失: 4.253495
Epoch 608, Batch 1/5, Loss: 4.271744

Epoch 608/1000 完成 (1.41s)
训练损失: 4.267935
验证损失: 4.297599
Epoch 609, Batch 1/5, Loss: 4.271141

Epoch 609/1000 完成 (1.42s)
训练损失: 4.265485
验证损失: 4.252512
Epoch 610, Batch 1/5, Loss: 4.260767

Epoch 610/1000 完成 (1.32s)
训练损失: 4.259971
验证损失: 4.256345
Epoch 611, Batch 1/5, Loss: 4.233727

Epoch 611/1000 完成 (1.29s)
训练损失: 4.254554
验证损失: 4.292082
Epoch 612, Batch 1/5, Loss: 4.258909

Epoch 612/1000 完成 (1.35s)
训练损失: 4.250147
验证损失: 4.274840
Epoch 613, Batch 1/5, Loss: 4.235461

Epoch 613/1000 完成 (1.39s)
训练损失: 4.247710
验证损失: 4.259947
Epoch 614, Batch 1/5, Loss: 4.255730

Epoch 614/1000 完成 (1.38s)
训练损失: 4.261220
验证损失: 4.223100
Epoch 615, Batch 1/5, Loss: 4.236563

Epoch 615/1000 完成 (1.33s)
训练损失: 4.247988
验证损失: 4.278726
Epoch 616, Batch 1/5, Loss: 4.255400

Epoch 616/1000 完成 (1.40s)
训练损失: 4.256648
验证损失: 4.272260
Epoch 617, Batch 1/5, Loss: 4.271914

Epoch 617/1000 完成 (1.41s)
训练损失: 4.248631
验证损失: 4.261303
Epoch 618, Batch 1/5, Loss: 4.242749

Epoch 618/1000 完成 (1.39s)
训练损失: 4.254252
验证损失: 4.268252
Epoch 619, Batch 1/5, Loss: 4.252149

Epoch 619/1000 完成 (1.41s)
训练损失: 4.253210
验证损失: 4.217113
Epoch 620, Batch 1/5, Loss: 4.242317

Epoch 620/1000 完成 (1.38s)
训练损失: 4.255765
验证损失: 4.233347
Epoch 621, Batch 1/5, Loss: 4.279398

Epoch 621/1000 完成 (1.39s)
训练损失: 4.277334
验证损失: 4.241906
Epoch 622, Batch 1/5, Loss: 4.254643

Epoch 622/1000 完成 (1.42s)
训练损失: 4.254615
验证损失: 4.276112
Epoch 623, Batch 1/5, Loss: 4.219274

Epoch 623/1000 完成 (1.40s)
训练损失: 4.264879
验证损失: 4.283468
Epoch 624, Batch 1/5, Loss: 4.251091

Epoch 624/1000 完成 (1.39s)
训练损失: 4.262366
验证损失: 4.274953
Epoch 625, Batch 1/5, Loss: 4.256450

Epoch 625/1000 完成 (1.43s)
训练损失: 4.245137
验证损失: 4.252594
Epoch 626, Batch 1/5, Loss: 4.269619

Epoch 626/1000 完成 (1.40s)
训练损失: 4.263611
验证损失: 4.289748
Epoch 627, Batch 1/5, Loss: 4.260914

Epoch 627/1000 完成 (1.40s)
训练损失: 4.260011
验证损失: 4.270289
Epoch 628, Batch 1/5, Loss: 4.271172

Epoch 628/1000 完成 (1.39s)
训练损失: 4.265102
验证损失: 4.235661
Epoch 629, Batch 1/5, Loss: 4.238694

Epoch 629/1000 完成 (1.39s)
训练损失: 4.248652
验证损失: 4.253710
Epoch 630, Batch 1/5, Loss: 4.242779

Epoch 630/1000 完成 (1.39s)
训练损失: 4.268375
验证损失: 4.279178
Epoch 631, Batch 1/5, Loss: 4.268476

Epoch 631/1000 完成 (1.37s)
训练损失: 4.259383
验证损失: 4.240508
Epoch 632, Batch 1/5, Loss: 4.260432

Epoch 632/1000 完成 (1.39s)
训练损失: 4.243353
验证损失: 4.252462
Epoch 633, Batch 1/5, Loss: 4.278874

Epoch 633/1000 完成 (1.37s)
训练损失: 4.264403
验证损失: 4.249950
Epoch 634, Batch 1/5, Loss: 4.267752

Epoch 634/1000 完成 (1.37s)
训练损失: 4.260449
验证损失: 4.237110
Epoch 635, Batch 1/5, Loss: 4.238461

Epoch 635/1000 完成 (1.42s)
训练损失: 4.253065
验证损失: 4.279347
Epoch 636, Batch 1/5, Loss: 4.280910

Epoch 636/1000 完成 (1.43s)
训练损失: 4.260473
验证损失: 4.237676
Epoch 637, Batch 1/5, Loss: 4.253403

Epoch 637/1000 完成 (1.40s)
训练损失: 4.263329
验证损失: 4.284320
Epoch 638, Batch 1/5, Loss: 4.254309

Epoch 638/1000 完成 (1.38s)
训练损失: 4.255370
验证损失: 4.259724
Epoch 639, Batch 1/5, Loss: 4.268973

Epoch 639/1000 完成 (1.37s)
训练损失: 4.253572
验证损失: 4.241309
Epoch 640, Batch 1/5, Loss: 4.238168

Epoch 640/1000 完成 (1.42s)
训练损失: 4.253766
验证损失: 4.253913
Epoch 641, Batch 1/5, Loss: 4.257095

Epoch 641/1000 完成 (1.42s)
训练损失: 4.249090
验证损失: 4.267847
Epoch 642, Batch 1/5, Loss: 4.223901

Epoch 642/1000 完成 (1.38s)
训练损失: 4.247400
验证损失: 4.259701
Epoch 643, Batch 1/5, Loss: 4.262939

Epoch 643/1000 完成 (1.37s)
训练损失: 4.262615
验证损失: 4.250749
Epoch 644, Batch 1/5, Loss: 4.237107

Epoch 644/1000 完成 (1.41s)
训练损失: 4.245592
验证损失: 4.261422
Epoch 645, Batch 1/5, Loss: 4.262365

Epoch 645/1000 完成 (1.40s)
训练损失: 4.262236
验证损失: 4.293556
Epoch 646, Batch 1/5, Loss: 4.253313

Epoch 646/1000 完成 (1.37s)
训练损失: 4.252007
验证损失: 4.250952
Epoch 647, Batch 1/5, Loss: 4.280713

Epoch 647/1000 完成 (1.37s)
训练损失: 4.259388
验证损失: 4.245296
Epoch 648, Batch 1/5, Loss: 4.258798

Epoch 648/1000 完成 (1.43s)
训练损失: 4.264704
验证损失: 4.273958
Epoch 649, Batch 1/5, Loss: 4.259590

Epoch 649/1000 完成 (1.41s)
训练损失: 4.269151
验证损失: 4.276709
Epoch 650, Batch 1/5, Loss: 4.226700

Epoch 650/1000 完成 (1.43s)
训练损失: 4.240594
验证损失: 4.231513
Epoch 651, Batch 1/5, Loss: 4.240694

Epoch 651/1000 完成 (1.41s)
训练损失: 4.246764
验证损失: 4.265436
Epoch 652, Batch 1/5, Loss: 4.244056

Epoch 652/1000 完成 (1.36s)
训练损失: 4.250619
验证损失: 4.283241
Epoch 653, Batch 1/5, Loss: 4.252457

Epoch 653/1000 完成 (1.41s)
训练损失: 4.256819
验证损失: 4.278739
Epoch 654, Batch 1/5, Loss: 4.238344

Epoch 654/1000 完成 (1.41s)
训练损失: 4.254940
验证损失: 4.221471
Epoch 655, Batch 1/5, Loss: 4.266819

Epoch 655/1000 完成 (1.42s)
训练损失: 4.264429
验证损失: 4.275415
Epoch 656, Batch 1/5, Loss: 4.234443

Epoch 656/1000 完成 (1.40s)
训练损失: 4.244046
验证损失: 4.296908
Epoch 657, Batch 1/5, Loss: 4.283593

Epoch 657/1000 完成 (1.37s)
训练损失: 4.256794
验证损失: 4.245493
Epoch 658, Batch 1/5, Loss: 4.264204

Epoch 658/1000 完成 (1.38s)
训练损失: 4.255056
验证损失: 4.238900
Epoch 659, Batch 1/5, Loss: 4.222989

Epoch 659/1000 完成 (1.38s)
训练损失: 4.256394
验证损失: 4.303706
Epoch 660, Batch 1/5, Loss: 4.275778

Epoch 660/1000 完成 (1.39s)
训练损失: 4.265212
验证损失: 4.238561
Epoch 661, Batch 1/5, Loss: 4.263785

Epoch 661/1000 完成 (1.40s)
训练损失: 4.274940
验证损失: 4.264433
Epoch 662, Batch 1/5, Loss: 4.265195

Epoch 662/1000 完成 (1.30s)
训练损失: 4.250619
验证损失: 4.283749
Epoch 663, Batch 1/5, Loss: 4.265918

Epoch 663/1000 完成 (1.36s)
训练损失: 4.259641
验证损失: 4.243313
Epoch 664, Batch 1/5, Loss: 4.261681

Epoch 664/1000 完成 (1.39s)
训练损失: 4.255526
验证损失: 4.243856
Epoch 665, Batch 1/5, Loss: 4.249092

Epoch 665/1000 完成 (1.36s)
训练损失: 4.263858
验证损失: 4.260662
Epoch 666, Batch 1/5, Loss: 4.266989

Epoch 666/1000 完成 (1.36s)
训练损失: 4.261224
验证损失: 4.278816
Epoch 667, Batch 1/5, Loss: 4.236785

Epoch 667/1000 完成 (1.32s)
训练损失: 4.256320
验证损失: 4.251467
Epoch 668, Batch 1/5, Loss: 4.289350

Epoch 668/1000 完成 (1.37s)
训练损失: 4.267904
验证损失: 4.262199
Epoch 669, Batch 1/5, Loss: 4.225245

Epoch 669/1000 完成 (1.31s)
训练损失: 4.258063
验证损失: 4.295724
Epoch 670, Batch 1/5, Loss: 4.268960

Epoch 670/1000 完成 (1.36s)
训练损失: 4.264406
验证损失: 4.251356
Epoch 671, Batch 1/5, Loss: 4.254746

Epoch 671/1000 完成 (1.37s)
训练损失: 4.248003
验证损失: 4.255766
Epoch 672, Batch 1/5, Loss: 4.248751

Epoch 672/1000 完成 (1.39s)
训练损失: 4.262935
验证损失: 4.280583
Epoch 673, Batch 1/5, Loss: 4.264364

Epoch 673/1000 完成 (1.37s)
训练损失: 4.262165
验证损失: 4.235725
Epoch 674, Batch 1/5, Loss: 4.280255

Epoch 674/1000 完成 (1.36s)
训练损失: 4.253235
验证损失: 4.228912
Epoch 675, Batch 1/5, Loss: 4.258565

Epoch 675/1000 完成 (1.40s)
训练损失: 4.255231
验证损失: 4.246152
Epoch 676, Batch 1/5, Loss: 4.269742

Epoch 676/1000 完成 (1.37s)
训练损失: 4.265101
验证损失: 4.266745
Epoch 677, Batch 1/5, Loss: 4.253470

Epoch 677/1000 完成 (1.41s)
训练损失: 4.259040
验证损失: 4.261108
Epoch 678, Batch 1/5, Loss: 4.256900

Epoch 678/1000 完成 (1.42s)
训练损失: 4.259340
验证损失: 4.268855
Epoch 679, Batch 1/5, Loss: 4.231660

Epoch 679/1000 完成 (1.41s)
训练损失: 4.251017
验证损失: 4.247866
Epoch 680, Batch 1/5, Loss: 4.253826

Epoch 680/1000 完成 (1.36s)
训练损失: 4.265689
验证损失: 4.268988
Epoch 681, Batch 1/5, Loss: 4.234167

Epoch 681/1000 完成 (1.36s)
训练损失: 4.252026
验证损失: 4.281752
Epoch 682, Batch 1/5, Loss: 4.264638

Epoch 682/1000 完成 (1.41s)
训练损失: 4.248586
验证损失: 4.276794
Epoch 683, Batch 1/5, Loss: 4.264230

Epoch 683/1000 完成 (1.39s)
训练损失: 4.252733
验证损失: 4.259949
Epoch 684, Batch 1/5, Loss: 4.260957

Epoch 684/1000 完成 (1.39s)
训练损失: 4.262908
验证损失: 4.253981
Epoch 685, Batch 1/5, Loss: 4.264393

Epoch 685/1000 完成 (1.39s)
训练损失: 4.251512
验证损失: 4.271250
Epoch 686, Batch 1/5, Loss: 4.270569

Epoch 686/1000 完成 (1.41s)
训练损失: 4.257115
验证损失: 4.290448
Epoch 687, Batch 1/5, Loss: 4.219637

Epoch 687/1000 完成 (1.37s)
训练损失: 4.250507
验证损失: 4.255173
Epoch 688, Batch 1/5, Loss: 4.235158

Epoch 688/1000 完成 (1.44s)
训练损失: 4.259452
验证损失: 4.233657
Epoch 689, Batch 1/5, Loss: 4.239022

Epoch 689/1000 完成 (1.38s)
训练损失: 4.254110
验证损失: 4.249906
Epoch 690, Batch 1/5, Loss: 4.270243

Epoch 690/1000 完成 (1.37s)
训练损失: 4.255392
验证损失: 4.278883
Epoch 691, Batch 1/5, Loss: 4.239650

Epoch 691/1000 完成 (1.39s)
训练损失: 4.251672
验证损失: 4.287110
Epoch 692, Batch 1/5, Loss: 4.280556

Epoch 692/1000 完成 (1.41s)
训练损失: 4.263347
验证损失: 4.258606
Epoch 693, Batch 1/5, Loss: 4.275181

Epoch 693/1000 完成 (1.41s)
训练损失: 4.251966
验证损失: 4.250306
Epoch 694, Batch 1/5, Loss: 4.292975

Epoch 694/1000 完成 (1.39s)
训练损失: 4.267568
验证损失: 4.279993
Epoch 695, Batch 1/5, Loss: 4.249366

Epoch 695/1000 完成 (1.42s)
训练损失: 4.254508
验证损失: 4.254803
Epoch 696, Batch 1/5, Loss: 4.289561

Epoch 696/1000 完成 (1.43s)
训练损失: 4.268359
验证损失: 4.251543
Epoch 697, Batch 1/5, Loss: 4.238095

Epoch 697/1000 完成 (1.41s)
训练损失: 4.246064
验证损失: 4.224974
Epoch 698, Batch 1/5, Loss: 4.255786

Epoch 698/1000 完成 (1.42s)
训练损失: 4.245182
验证损失: 4.289301
Epoch 699, Batch 1/5, Loss: 4.276254

Epoch 699/1000 完成 (1.36s)
训练损失: 4.264709
验证损失: 4.260511
Epoch 700, Batch 1/5, Loss: 4.273848

Epoch 700/1000 完成 (1.37s)
训练损失: 4.269504
验证损失: 4.259264
Epoch 701, Batch 1/5, Loss: 4.278009

Epoch 701/1000 完成 (1.42s)
训练损失: 4.275864
验证损失: 4.260109
Epoch 702, Batch 1/5, Loss: 4.234878

Epoch 702/1000 完成 (1.38s)
训练损失: 4.241050
验证损失: 4.256644
Epoch 703, Batch 1/5, Loss: 4.256014

Epoch 703/1000 完成 (1.37s)
训练损失: 4.254481
验证损失: 4.235326
Epoch 704, Batch 1/5, Loss: 4.270861

Epoch 704/1000 完成 (1.36s)
训练损失: 4.262128
验证损失: 4.254096
Epoch 705, Batch 1/5, Loss: 4.254921

Epoch 705/1000 完成 (1.40s)
训练损失: 4.241746
验证损失: 4.252810
Epoch 706, Batch 1/5, Loss: 4.239799

Epoch 706/1000 完成 (1.38s)
训练损失: 4.254123
验证损失: 4.298182
Epoch 707, Batch 1/5, Loss: 4.265957

Epoch 707/1000 完成 (1.37s)
训练损失: 4.260600
验证损失: 4.272349
Epoch 708, Batch 1/5, Loss: 4.229224

Epoch 708/1000 完成 (1.40s)
训练损失: 4.254491
验证损失: 4.263746
Epoch 709, Batch 1/5, Loss: 4.265559

Epoch 709/1000 完成 (1.40s)
训练损失: 4.266337
验证损失: 4.248907
Epoch 710, Batch 1/5, Loss: 4.246480

Epoch 710/1000 完成 (1.36s)
训练损失: 4.255530
验证损失: 4.277971
Epoch 711, Batch 1/5, Loss: 4.288188

Epoch 711/1000 完成 (1.32s)
训练损失: 4.264289
验证损失: 4.260314
Epoch 712, Batch 1/5, Loss: 4.247083

Epoch 712/1000 完成 (1.28s)
训练损失: 4.250142
验证损失: 4.262816
Epoch 713, Batch 1/5, Loss: 4.237788

Epoch 713/1000 完成 (1.34s)
训练损失: 4.253097
验证损失: 4.272907
Epoch 714, Batch 1/5, Loss: 4.286052

Epoch 714/1000 完成 (1.38s)
训练损失: 4.263364
验证损失: 4.260592
Epoch 715, Batch 1/5, Loss: 4.250386

Epoch 715/1000 完成 (1.36s)
训练损失: 4.261939
验证损失: 4.262577
Epoch 716, Batch 1/5, Loss: 4.265180

Epoch 716/1000 完成 (1.38s)
训练损失: 4.252880
验证损失: 4.269588
Epoch 717, Batch 1/5, Loss: 4.254559

Epoch 717/1000 完成 (1.37s)
训练损失: 4.271200
验证损失: 4.276426
Epoch 718, Batch 1/5, Loss: 4.261846

Epoch 718/1000 完成 (1.37s)
训练损失: 4.264549
验证损失: 4.260369
Epoch 719, Batch 1/5, Loss: 4.267316

Epoch 719/1000 完成 (1.43s)
训练损失: 4.265493
验证损失: 4.270500
Epoch 720, Batch 1/5, Loss: 4.256184

Epoch 720/1000 完成 (1.43s)
训练损失: 4.257821
验证损失: 4.260928
Epoch 721, Batch 1/5, Loss: 4.285451

Epoch 721/1000 完成 (1.41s)
训练损失: 4.274896
验证损失: 4.249178
Epoch 722, Batch 1/5, Loss: 4.249671

Epoch 722/1000 完成 (1.43s)
训练损失: 4.249893
验证损失: 4.265957
Epoch 723, Batch 1/5, Loss: 4.241772

Epoch 723/1000 完成 (1.37s)
训练损失: 4.255219
验证损失: 4.235455
Epoch 724, Batch 1/5, Loss: 4.267509

Epoch 724/1000 完成 (1.42s)
训练损失: 4.262174
验证损失: 4.306554
Epoch 725, Batch 1/5, Loss: 4.284728

Epoch 725/1000 完成 (1.38s)
训练损失: 4.268722
验证损失: 4.272646
Epoch 726, Batch 1/5, Loss: 4.279961

Epoch 726/1000 完成 (1.37s)
训练损失: 4.260093
验证损失: 4.285553
Epoch 727, Batch 1/5, Loss: 4.284622

Epoch 727/1000 完成 (1.41s)
训练损失: 4.271084
验证损失: 4.272118
Epoch 728, Batch 1/5, Loss: 4.282362

Epoch 728/1000 完成 (1.42s)
训练损失: 4.261829
验证损失: 4.233845
Epoch 729, Batch 1/5, Loss: 4.270861

Epoch 729/1000 完成 (1.41s)
训练损失: 4.257985
验证损失: 4.238546
Epoch 730, Batch 1/5, Loss: 4.254892

Epoch 730/1000 完成 (1.43s)
训练损失: 4.252871
验证损失: 4.248676
Epoch 731, Batch 1/5, Loss: 4.270937

Epoch 731/1000 完成 (1.37s)
训练损失: 4.261065
验证损失: 4.249660
Epoch 732, Batch 1/5, Loss: 4.229276

Epoch 732/1000 完成 (1.43s)
训练损失: 4.249450
验证损失: 4.296255
Epoch 733, Batch 1/5, Loss: 4.261084

Epoch 733/1000 完成 (1.38s)
训练损失: 4.260916
验证损失: 4.273991
Epoch 734, Batch 1/5, Loss: 4.260148

Epoch 734/1000 完成 (1.37s)
训练损失: 4.257284
验证损失: 4.257219
Epoch 735, Batch 1/5, Loss: 4.256117

Epoch 735/1000 完成 (1.38s)
训练损失: 4.258676
验证损失: 4.283345
Epoch 736, Batch 1/5, Loss: 4.239793

Epoch 736/1000 完成 (1.30s)
训练损失: 4.258459
验证损失: 4.266928
Epoch 737, Batch 1/5, Loss: 4.253313

Epoch 737/1000 完成 (1.32s)
训练损失: 4.262812
验证损失: 4.262783
Epoch 738, Batch 1/5, Loss: 4.274899

Epoch 738/1000 完成 (1.39s)
训练损失: 4.260608
验证损失: 4.291091
Epoch 739, Batch 1/5, Loss: 4.273160

Epoch 739/1000 完成 (1.40s)
训练损失: 4.266334
验证损失: 4.256482
Epoch 740, Batch 1/5, Loss: 4.271451

Epoch 740/1000 完成 (1.39s)
训练损失: 4.257621
验证损失: 4.267388
Epoch 741, Batch 1/5, Loss: 4.258497

Epoch 741/1000 完成 (1.36s)
训练损失: 4.266986
验证损失: 4.238033
Epoch 742, Batch 1/5, Loss: 4.271451

Epoch 742/1000 完成 (1.36s)
训练损失: 4.264624
验证损失: 4.244444
Epoch 743, Batch 1/5, Loss: 4.269438

Epoch 743/1000 完成 (1.41s)
训练损失: 4.258947
验证损失: 4.268511
Epoch 744, Batch 1/5, Loss: 4.245592

Epoch 744/1000 完成 (1.38s)
训练损失: 4.248657
验证损失: 4.274073
Epoch 745, Batch 1/5, Loss: 4.259599

Epoch 745/1000 完成 (1.40s)
训练损失: 4.245318
验证损失: 4.269128
Epoch 746, Batch 1/5, Loss: 4.245186

Epoch 746/1000 完成 (1.37s)
训练损失: 4.263421
验证损失: 4.262095
Epoch 747, Batch 1/5, Loss: 4.243908

Epoch 747/1000 完成 (1.42s)
训练损失: 4.251467
验证损失: 4.253561
Epoch 748, Batch 1/5, Loss: 4.267617

Epoch 748/1000 完成 (1.42s)
训练损失: 4.253905
验证损失: 4.265142
Epoch 749, Batch 1/5, Loss: 4.239923

Epoch 749/1000 完成 (1.41s)
训练损失: 4.247731
验证损失: 4.233722
Epoch 750, Batch 1/5, Loss: 4.265520

Epoch 750/1000 完成 (1.40s)
训练损失: 4.255643
验证损失: 4.264288
Epoch 751, Batch 1/5, Loss: 4.253194

Epoch 751/1000 完成 (1.36s)
训练损失: 4.248071
验证损失: 4.257539
Epoch 752, Batch 1/5, Loss: 4.249926

Epoch 752/1000 完成 (1.41s)
训练损失: 4.253393
验证损失: 4.282887
Epoch 753, Batch 1/5, Loss: 4.257205

Epoch 753/1000 完成 (1.38s)
训练损失: 4.259373
验证损失: 4.253383
Epoch 754, Batch 1/5, Loss: 4.266143

Epoch 754/1000 完成 (1.37s)
训练损失: 4.269377
验证损失: 4.273868
Epoch 755, Batch 1/5, Loss: 4.249344

Epoch 755/1000 完成 (1.39s)
训练损失: 4.262159
验证损失: 4.282496
Epoch 756, Batch 1/5, Loss: 4.270411

Epoch 756/1000 完成 (1.39s)
训练损失: 4.240689
验证损失: 4.227596
Epoch 757, Batch 1/5, Loss: 4.237671

Epoch 757/1000 完成 (1.37s)
训练损失: 4.237862
验证损失: 4.272468
Epoch 758, Batch 1/5, Loss: 4.283832

Epoch 758/1000 完成 (1.41s)
训练损失: 4.262403
验证损失: 4.241216
Epoch 759, Batch 1/5, Loss: 4.287427

Epoch 759/1000 完成 (1.40s)
训练损失: 4.272805
验证损失: 4.230549
Epoch 760, Batch 1/5, Loss: 4.233987

Epoch 760/1000 完成 (1.41s)
训练损失: 4.247290
验证损失: 4.260255
Epoch 761, Batch 1/5, Loss: 4.247751

Epoch 761/1000 完成 (1.38s)
训练损失: 4.254454
验证损失: 4.251971
Epoch 762, Batch 1/5, Loss: 4.264101

Epoch 762/1000 完成 (1.43s)
训练损失: 4.262514
验证损失: 4.275311
Epoch 763, Batch 1/5, Loss: 4.251206

Epoch 763/1000 完成 (1.41s)
训练损失: 4.249782
验证损失: 4.270722
Epoch 764, Batch 1/5, Loss: 4.234473

Epoch 764/1000 完成 (1.39s)
训练损失: 4.248815
验证损失: 4.252738
Epoch 765, Batch 1/5, Loss: 4.270894

Epoch 765/1000 完成 (1.38s)
训练损失: 4.266002
验证损失: 4.225757
Epoch 766, Batch 1/5, Loss: 4.259544

Epoch 766/1000 完成 (1.41s)
训练损失: 4.246944
验证损失: 4.243936
Epoch 767, Batch 1/5, Loss: 4.263825

Epoch 767/1000 完成 (1.42s)
训练损失: 4.259573
验证损失: 4.250192
Epoch 768, Batch 1/5, Loss: 4.277277

Epoch 768/1000 完成 (1.45s)
训练损失: 4.255836
验证损失: 4.288061
Epoch 769, Batch 1/5, Loss: 4.240992

Epoch 769/1000 完成 (1.40s)
训练损失: 4.258635
验证损失: 4.265466
Epoch 770, Batch 1/5, Loss: 4.240789

Epoch 770/1000 完成 (1.36s)
训练损失: 4.260646
验证损失: 4.266560
Epoch 771, Batch 1/5, Loss: 4.267018

Epoch 771/1000 完成 (1.40s)
训练损失: 4.260626
验证损失: 4.251178
Epoch 772, Batch 1/5, Loss: 4.268225

Epoch 772/1000 完成 (1.41s)
训练损失: 4.266842
验证损失: 4.269297
Epoch 773, Batch 1/5, Loss: 4.257767

Epoch 773/1000 完成 (1.39s)
训练损失: 4.258425
验证损失: 4.268402
Epoch 774, Batch 1/5, Loss: 4.247189

Epoch 774/1000 完成 (1.41s)
训练损失: 4.261401
验证损失: 4.265146
Epoch 775, Batch 1/5, Loss: 4.240786

Epoch 775/1000 完成 (1.41s)
训练损失: 4.256342
验证损失: 4.239674
Epoch 776, Batch 1/5, Loss: 4.271565

Epoch 776/1000 完成 (1.37s)
训练损失: 4.251049
验证损失: 4.251355
Epoch 777, Batch 1/5, Loss: 4.264539

Epoch 777/1000 完成 (1.38s)
训练损失: 4.265867
验证损失: 4.261700
Epoch 778, Batch 1/5, Loss: 4.256841

Epoch 778/1000 完成 (1.38s)
训练损失: 4.254578
验证损失: 4.252789
Epoch 779, Batch 1/5, Loss: 4.262340

Epoch 779/1000 完成 (1.42s)
训练损失: 4.263410
验证损失: 4.295086
Epoch 780, Batch 1/5, Loss: 4.235631

Epoch 780/1000 完成 (1.37s)
训练损失: 4.252394
验证损失: 4.251701
Epoch 781, Batch 1/5, Loss: 4.248015

Epoch 781/1000 完成 (1.42s)
训练损失: 4.263581
验证损失: 4.257660
Epoch 782, Batch 1/5, Loss: 4.257481

Epoch 782/1000 完成 (1.39s)
训练损失: 4.258267
验证损失: 4.265897
Epoch 783, Batch 1/5, Loss: 4.254048

Epoch 783/1000 完成 (1.38s)
训练损失: 4.257717
验证损失: 4.265495
Epoch 784, Batch 1/5, Loss: 4.276533

Epoch 784/1000 完成 (1.42s)
训练损失: 4.258794
验证损失: 4.251649
Epoch 785, Batch 1/5, Loss: 4.256929

Epoch 785/1000 完成 (1.44s)
训练损失: 4.262102
验证损失: 4.276791
Epoch 786, Batch 1/5, Loss: 4.276511

Epoch 786/1000 完成 (1.37s)
训练损失: 4.263833
验证损失: 4.257871
Epoch 787, Batch 1/5, Loss: 4.246496

Epoch 787/1000 完成 (1.44s)
训练损失: 4.255657
验证损失: 4.282752
Epoch 788, Batch 1/5, Loss: 4.273923

Epoch 788/1000 完成 (1.39s)
训练损失: 4.259950
验证损失: 4.290274
Epoch 789, Batch 1/5, Loss: 4.281311

Epoch 789/1000 完成 (1.38s)
训练损失: 4.253165
验证损失: 4.258445
Epoch 790, Batch 1/5, Loss: 4.278054

Epoch 790/1000 完成 (1.36s)
训练损失: 4.269329
验证损失: 4.256519
Epoch 791, Batch 1/5, Loss: 4.254832

Epoch 791/1000 完成 (1.37s)
训练损失: 4.258453
验证损失: 4.263720
Epoch 792, Batch 1/5, Loss: 4.274473

Epoch 792/1000 完成 (1.43s)
训练损失: 4.259673
验证损失: 4.257918
Epoch 793, Batch 1/5, Loss: 4.246273

Epoch 793/1000 完成 (1.35s)
训练损失: 4.257435
验证损失: 4.241663
Epoch 794, Batch 1/5, Loss: 4.248932

Epoch 794/1000 完成 (1.29s)
训练损失: 4.262450
验证损失: 4.232369
Epoch 795, Batch 1/5, Loss: 4.259230

Epoch 795/1000 完成 (1.40s)
训练损失: 4.259410
验证损失: 4.270681
Epoch 796, Batch 1/5, Loss: 4.243860

Epoch 796/1000 完成 (1.32s)
训练损失: 4.239569
验证损失: 4.281038
Epoch 797, Batch 1/5, Loss: 4.284315

Epoch 797/1000 完成 (1.32s)
训练损失: 4.260959
验证损失: 4.268290
Epoch 798, Batch 1/5, Loss: 4.258016

Epoch 798/1000 完成 (1.33s)
训练损失: 4.253447
验证损失: 4.298217
Epoch 799, Batch 1/5, Loss: 4.284051

Epoch 799/1000 完成 (1.39s)
训练损失: 4.263306
验证损失: 4.278968
Epoch 800, Batch 1/5, Loss: 4.275447

Epoch 800/1000 完成 (1.43s)
训练损失: 4.259395
验证损失: 4.275413
Epoch 801, Batch 1/5, Loss: 4.270490

Epoch 801/1000 完成 (1.36s)
训练损失: 4.250726
验证损失: 4.275110
Epoch 802, Batch 1/5, Loss: 4.249770

Epoch 802/1000 完成 (1.41s)
训练损失: 4.261535
验证损失: 4.282665
Epoch 803, Batch 1/5, Loss: 4.266929

Epoch 803/1000 完成 (1.41s)
训练损失: 4.240421
验证损失: 4.254888
Epoch 804, Batch 1/5, Loss: 4.259290

Epoch 804/1000 完成 (1.42s)
训练损失: 4.259198
验证损失: 4.282434
Epoch 805, Batch 1/5, Loss: 4.252139

Epoch 805/1000 完成 (1.43s)
训练损失: 4.256337
验证损失: 4.277571
Epoch 806, Batch 1/5, Loss: 4.237092

Epoch 806/1000 完成 (1.40s)
训练损失: 4.253883
验证损失: 4.247910
Epoch 807, Batch 1/5, Loss: 4.248383

Epoch 807/1000 完成 (1.42s)
训练损失: 4.253624
验证损失: 4.254291
Epoch 808, Batch 1/5, Loss: 4.277919

Epoch 808/1000 完成 (1.41s)
训练损失: 4.265418
验证损失: 4.288507
Epoch 809, Batch 1/5, Loss: 4.297463

Epoch 809/1000 完成 (1.43s)
训练损失: 4.266042
验证损失: 4.255822
Epoch 810, Batch 1/5, Loss: 4.238144

Epoch 810/1000 完成 (1.41s)
训练损失: 4.257454
验证损失: 4.233116
Epoch 811, Batch 1/5, Loss: 4.234669

Epoch 811/1000 完成 (1.43s)
训练损失: 4.254059
验证损失: 4.250759
Epoch 812, Batch 1/5, Loss: 4.276935

Epoch 812/1000 完成 (1.39s)
训练损失: 4.264998
验证损失: 4.255591
Epoch 813, Batch 1/5, Loss: 4.261353

Epoch 813/1000 完成 (1.39s)
训练损失: 4.266722
验证损失: 4.239015
Epoch 814, Batch 1/5, Loss: 4.221825

Epoch 814/1000 完成 (1.37s)
训练损失: 4.253693
验证损失: 4.239884
Epoch 815, Batch 1/5, Loss: 4.264010

Epoch 815/1000 完成 (1.38s)
训练损失: 4.253782
验证损失: 4.264119
Epoch 816, Batch 1/5, Loss: 4.277662

Epoch 816/1000 完成 (1.42s)
训练损失: 4.270810
验证损失: 4.252389
Epoch 817, Batch 1/5, Loss: 4.250670

Epoch 817/1000 完成 (1.42s)
训练损失: 4.255443
验证损失: 4.283039
Epoch 818, Batch 1/5, Loss: 4.249204

Epoch 818/1000 完成 (1.41s)
训练损失: 4.239243
验证损失: 4.273303
Epoch 819, Batch 1/5, Loss: 4.282258

Epoch 819/1000 完成 (1.42s)
训练损失: 4.259055
验证损失: 4.255174
Epoch 820, Batch 1/5, Loss: 4.265443

Epoch 820/1000 完成 (1.37s)
训练损失: 4.259410
验证损失: 4.286915
Epoch 821, Batch 1/5, Loss: 4.241690

Epoch 821/1000 完成 (1.42s)
训练损失: 4.267074
验证损失: 4.262990
Epoch 822, Batch 1/5, Loss: 4.255605

Epoch 822/1000 完成 (1.42s)
训练损失: 4.253025
验证损失: 4.268193
Epoch 823, Batch 1/5, Loss: 4.249639

Epoch 823/1000 完成 (1.44s)
训练损失: 4.265535
验证损失: 4.279129
Epoch 824, Batch 1/5, Loss: 4.259829

Epoch 824/1000 完成 (1.37s)
训练损失: 4.247498
验证损失: 4.218292
Epoch 825, Batch 1/5, Loss: 4.279032

Epoch 825/1000 完成 (1.38s)
训练损失: 4.255696
验证损失: 4.236098
Epoch 826, Batch 1/5, Loss: 4.266864

Epoch 826/1000 完成 (1.37s)
训练损失: 4.262218
验证损失: 4.259456
Epoch 827, Batch 1/5, Loss: 4.267488

Epoch 827/1000 完成 (1.39s)
训练损失: 4.251597
验证损失: 4.238441
Epoch 828, Batch 1/5, Loss: 4.264890

Epoch 828/1000 完成 (1.38s)
训练损失: 4.254514
验证损失: 4.276343
Epoch 829, Batch 1/5, Loss: 4.262245

Epoch 829/1000 完成 (1.41s)
训练损失: 4.257774
验证损失: 4.246239
Epoch 830, Batch 1/5, Loss: 4.257884

Epoch 830/1000 完成 (1.37s)
训练损失: 4.260122
验证损失: 4.254383
Epoch 831, Batch 1/5, Loss: 4.266324

Epoch 831/1000 完成 (1.40s)
训练损失: 4.265963
验证损失: 4.278488
Epoch 832, Batch 1/5, Loss: 4.233306

Epoch 832/1000 完成 (1.37s)
训练损失: 4.258593
验证损失: 4.283437
Epoch 833, Batch 1/5, Loss: 4.249205

Epoch 833/1000 完成 (1.41s)
训练损失: 4.254002
验证损失: 4.276611
Epoch 834, Batch 1/5, Loss: 4.247763

Epoch 834/1000 完成 (1.37s)
训练损失: 4.258649
验证损失: 4.255381
Epoch 835, Batch 1/5, Loss: 4.231056

Epoch 835/1000 完成 (1.39s)
训练损失: 4.241694
验证损失: 4.236895
Epoch 836, Batch 1/5, Loss: 4.286345

Epoch 836/1000 完成 (1.43s)
训练损失: 4.259976
验证损失: 4.295915
Epoch 837, Batch 1/5, Loss: 4.250537

Epoch 837/1000 完成 (1.38s)
训练损失: 4.251318
验证损失: 4.262137
Epoch 838, Batch 1/5, Loss: 4.252304

Epoch 838/1000 完成 (1.38s)
训练损失: 4.244235
验证损失: 4.256063
Epoch 839, Batch 1/5, Loss: 4.257274

Epoch 839/1000 完成 (1.45s)
训练损失: 4.250412
验证损失: 4.265446
Epoch 840, Batch 1/5, Loss: 4.267347

Epoch 840/1000 完成 (1.42s)
训练损失: 4.253368
验证损失: 4.265596
Epoch 841, Batch 1/5, Loss: 4.258794

Epoch 841/1000 完成 (1.41s)
训练损失: 4.255161
验证损失: 4.244513
Epoch 842, Batch 1/5, Loss: 4.254654

Epoch 842/1000 完成 (1.41s)
训练损失: 4.252902
验证损失: 4.262997
Epoch 843, Batch 1/5, Loss: 4.257794

Epoch 843/1000 完成 (1.42s)
训练损失: 4.256477
验证损失: 4.246195
Epoch 844, Batch 1/5, Loss: 4.274229

Epoch 844/1000 完成 (1.37s)
训练损失: 4.262816
验证损失: 4.237427
Epoch 845, Batch 1/5, Loss: 4.253920

Epoch 845/1000 完成 (1.40s)
训练损失: 4.261709
验证损失: 4.276188
Epoch 846, Batch 1/5, Loss: 4.264989

Epoch 846/1000 完成 (1.38s)
训练损失: 4.260549
验证损失: 4.273823
Epoch 847, Batch 1/5, Loss: 4.229480

Epoch 847/1000 完成 (1.40s)
训练损失: 4.255457
验证损失: 4.279532
Epoch 848, Batch 1/5, Loss: 4.246714

Epoch 848/1000 完成 (1.42s)
训练损失: 4.246402
验证损失: 4.272902
Epoch 849, Batch 1/5, Loss: 4.309867

Epoch 849/1000 完成 (1.35s)
训练损失: 4.259895
验证损失: 4.265786
Epoch 850, Batch 1/5, Loss: 4.240767

Epoch 850/1000 完成 (1.42s)
训练损失: 4.258690
验证损失: 4.263462
Epoch 851, Batch 1/5, Loss: 4.268919

Epoch 851/1000 完成 (1.41s)
训练损失: 4.261251
验证损失: 4.263091
Epoch 852, Batch 1/5, Loss: 4.274967

Epoch 852/1000 完成 (1.41s)
训练损失: 4.253734
验证损失: 4.276866
Epoch 853, Batch 1/5, Loss: 4.255027

Epoch 853/1000 完成 (1.40s)
训练损失: 4.256599
验证损失: 4.260002
Epoch 854, Batch 1/5, Loss: 4.251865

Epoch 854/1000 完成 (1.43s)
训练损失: 4.250438
验证损失: 4.277672
Epoch 855, Batch 1/5, Loss: 4.269597

Epoch 855/1000 完成 (1.38s)
训练损失: 4.274349
验证损失: 4.234610
Epoch 856, Batch 1/5, Loss: 4.202024

Epoch 856/1000 完成 (1.38s)
训练损失: 4.246462
验证损失: 4.232268
Epoch 857, Batch 1/5, Loss: 4.258491

Epoch 857/1000 完成 (1.41s)
训练损失: 4.250283
验证损失: 4.305010
Epoch 858, Batch 1/5, Loss: 4.259989

Epoch 858/1000 完成 (1.44s)
训练损失: 4.261941
验证损失: 4.218051
Epoch 859, Batch 1/5, Loss: 4.248630

Epoch 859/1000 完成 (1.44s)
训练损失: 4.255868
验证损失: 4.280774
Epoch 860, Batch 1/5, Loss: 4.255091

Epoch 860/1000 完成 (1.38s)
训练损失: 4.246217
验证损失: 4.276017
Epoch 861, Batch 1/5, Loss: 4.244482

Epoch 861/1000 完成 (1.38s)
训练损失: 4.257396
验证损失: 4.251856
Epoch 862, Batch 1/5, Loss: 4.272605

Epoch 862/1000 完成 (1.38s)
训练损失: 4.266231
验证损失: 4.248965
Epoch 863, Batch 1/5, Loss: 4.233810

Epoch 863/1000 完成 (1.36s)
训练损失: 4.242879
验证损失: 4.250181
Epoch 864, Batch 1/5, Loss: 4.275269

Epoch 864/1000 完成 (1.41s)
训练损失: 4.267707
验证损失: 4.264000
Epoch 865, Batch 1/5, Loss: 4.259717

Epoch 865/1000 完成 (1.40s)
训练损失: 4.251051
验证损失: 4.277534
Epoch 866, Batch 1/5, Loss: 4.255548

Epoch 866/1000 完成 (1.42s)
训练损失: 4.247855
验证损失: 4.264408
Epoch 867, Batch 1/5, Loss: 4.266356

Epoch 867/1000 完成 (1.37s)
训练损失: 4.269716
验证损失: 4.255794
Epoch 868, Batch 1/5, Loss: 4.260273

Epoch 868/1000 完成 (1.39s)
训练损失: 4.250514
验证损失: 4.242288
Epoch 869, Batch 1/5, Loss: 4.264553

Epoch 869/1000 完成 (1.39s)
训练损失: 4.255483
验证损失: 4.257726
Epoch 870, Batch 1/5, Loss: 4.255171

Epoch 870/1000 完成 (1.41s)
训练损失: 4.255986
验证损失: 4.269058
Epoch 871, Batch 1/5, Loss: 4.259103

Epoch 871/1000 完成 (1.39s)
训练损失: 4.264616
验证损失: 4.307083
Epoch 872, Batch 1/5, Loss: 4.264624

Epoch 872/1000 完成 (1.40s)
训练损失: 4.259632
验证损失: 4.217479
Epoch 873, Batch 1/5, Loss: 4.260186

Epoch 873/1000 完成 (1.37s)
训练损失: 4.257174
验证损失: 4.257421
Epoch 874, Batch 1/5, Loss: 4.275979

Epoch 874/1000 完成 (1.43s)
训练损失: 4.256776
验证损失: 4.263484
Epoch 875, Batch 1/5, Loss: 4.244414

Epoch 875/1000 完成 (1.38s)
训练损失: 4.245400
验证损失: 4.283187
Epoch 876, Batch 1/5, Loss: 4.246902

Epoch 876/1000 完成 (1.36s)
训练损失: 4.259159
验证损失: 4.233282
Epoch 877, Batch 1/5, Loss: 4.288154

Epoch 877/1000 完成 (1.39s)
训练损失: 4.259557
验证损失: 4.247064
Epoch 878, Batch 1/5, Loss: 4.250199

Epoch 878/1000 完成 (1.40s)
训练损失: 4.248965
验证损失: 4.231590
Epoch 879, Batch 1/5, Loss: 4.240760

Epoch 879/1000 完成 (1.42s)
训练损失: 4.244021
验证损失: 4.257652
Epoch 880, Batch 1/5, Loss: 4.285591

Epoch 880/1000 完成 (1.39s)
训练损失: 4.262811
验证损失: 4.248105
Epoch 881, Batch 1/5, Loss: 4.269437

Epoch 881/1000 完成 (1.43s)
训练损失: 4.257225
验证损失: 4.271402
Epoch 882, Batch 1/5, Loss: 4.269560

Epoch 882/1000 完成 (1.37s)
训练损失: 4.261236
验证损失: 4.282944
Epoch 883, Batch 1/5, Loss: 4.263735

Epoch 883/1000 完成 (1.40s)
训练损失: 4.261701
验证损失: 4.236451
Epoch 884, Batch 1/5, Loss: 4.244312

Epoch 884/1000 完成 (1.37s)
训练损失: 4.254755
验证损失: 4.250946
Epoch 885, Batch 1/5, Loss: 4.284660

Epoch 885/1000 完成 (1.43s)
训练损失: 4.263979
验证损失: 4.272980
Epoch 886, Batch 1/5, Loss: 4.266397

Epoch 886/1000 完成 (1.39s)
训练损失: 4.257742
验证损失: 4.250194
Epoch 887, Batch 1/5, Loss: 4.257447

Epoch 887/1000 完成 (1.37s)
训练损失: 4.263124
验证损失: 4.256696
Epoch 888, Batch 1/5, Loss: 4.274159

Epoch 888/1000 完成 (1.42s)
训练损失: 4.260483
验证损失: 4.262142
Epoch 889, Batch 1/5, Loss: 4.269423

Epoch 889/1000 完成 (1.38s)
训练损失: 4.263994
验证损失: 4.285609
Epoch 890, Batch 1/5, Loss: 4.260238

Epoch 890/1000 完成 (1.37s)
训练损失: 4.255803
验证损失: 4.262277
Epoch 891, Batch 1/5, Loss: 4.253444

Epoch 891/1000 完成 (1.43s)
训练损失: 4.256417
验证损失: 4.280744
Epoch 892, Batch 1/5, Loss: 4.266149

Epoch 892/1000 完成 (1.31s)
训练损失: 4.255642
验证损失: 4.270686
Epoch 893, Batch 1/5, Loss: 4.253444

Epoch 893/1000 完成 (1.28s)
训练损失: 4.247383
验证损失: 4.238359
Epoch 894, Batch 1/5, Loss: 4.295383

Epoch 894/1000 完成 (1.32s)
训练损失: 4.263867
验证损失: 4.257156
Epoch 895, Batch 1/5, Loss: 4.258750

Epoch 895/1000 完成 (1.38s)
训练损失: 4.266563
验证损失: 4.238059
Epoch 896, Batch 1/5, Loss: 4.224886

Epoch 896/1000 完成 (1.40s)
训练损失: 4.247505
验证损失: 4.247874
Epoch 897, Batch 1/5, Loss: 4.231617

Epoch 897/1000 完成 (1.37s)
训练损失: 4.265415
验证损失: 4.296322
Epoch 898, Batch 1/5, Loss: 4.265353

Epoch 898/1000 完成 (1.34s)
训练损失: 4.270975
验证损失: 4.279428
Epoch 899, Batch 1/5, Loss: 4.270989

Epoch 899/1000 完成 (1.29s)
训练损失: 4.251587
验证损失: 4.262704
Epoch 900, Batch 1/5, Loss: 4.298691

Epoch 900/1000 完成 (1.43s)
训练损失: 4.270360
验证损失: 4.270750
Epoch 901, Batch 1/5, Loss: 4.235256

Epoch 901/1000 完成 (1.32s)
训练损失: 4.256325
验证损失: 4.277742
Epoch 902, Batch 1/5, Loss: 4.269471

Epoch 902/1000 完成 (1.26s)
训练损失: 4.252432
验证损失: 4.236945
Epoch 903, Batch 1/5, Loss: 4.255826

Epoch 903/1000 完成 (1.31s)
训练损失: 4.259614
验证损失: 4.242437
Epoch 904, Batch 1/5, Loss: 4.226671

Epoch 904/1000 完成 (1.39s)
训练损失: 4.249924
验证损失: 4.275461
Epoch 905, Batch 1/5, Loss: 4.247243

Epoch 905/1000 完成 (1.39s)
训练损失: 4.251810
验证损失: 4.266025
Epoch 906, Batch 1/5, Loss: 4.239855

Epoch 906/1000 完成 (1.40s)
训练损失: 4.259073
验证损失: 4.243864
Epoch 907, Batch 1/5, Loss: 4.247461

Epoch 907/1000 完成 (1.44s)
训练损失: 4.256284
验证损失: 4.285023
Epoch 908, Batch 1/5, Loss: 4.219982

Epoch 908/1000 完成 (1.40s)
训练损失: 4.245003
验证损失: 4.271152
Epoch 909, Batch 1/5, Loss: 4.266355

Epoch 909/1000 完成 (1.43s)
训练损失: 4.263966
验证损失: 4.246341
Epoch 910, Batch 1/5, Loss: 4.257650

Epoch 910/1000 完成 (1.38s)
训练损失: 4.263207
验证损失: 4.267014
Epoch 911, Batch 1/5, Loss: 4.241768

Epoch 911/1000 完成 (1.38s)
训练损失: 4.260959
验证损失: 4.268022
Epoch 912, Batch 1/5, Loss: 4.276824

Epoch 912/1000 完成 (1.39s)
训练损失: 4.261202
验证损失: 4.273330
Epoch 913, Batch 1/5, Loss: 4.248194

Epoch 913/1000 完成 (1.40s)
训练损失: 4.251662
验证损失: 4.248863
Epoch 914, Batch 1/5, Loss: 4.252329

Epoch 914/1000 完成 (1.35s)
训练损失: 4.268175
验证损失: 4.260649
Epoch 915, Batch 1/5, Loss: 4.249488

Epoch 915/1000 完成 (1.38s)
训练损失: 4.247489
验证损失: 4.280011
Epoch 916, Batch 1/5, Loss: 4.243905

Epoch 916/1000 完成 (1.39s)
训练损失: 4.259215
验证损失: 4.256258
Epoch 917, Batch 1/5, Loss: 4.234959

Epoch 917/1000 完成 (1.35s)
训练损失: 4.257295
验证损失: 4.269381
Epoch 918, Batch 1/5, Loss: 4.271790

Epoch 918/1000 完成 (1.39s)
训练损失: 4.253895
验证损失: 4.258074
Epoch 919, Batch 1/5, Loss: 4.245151

Epoch 919/1000 完成 (1.37s)
训练损失: 4.265175
验证损失: 4.292831
Epoch 920, Batch 1/5, Loss: 4.212941

Epoch 920/1000 完成 (1.43s)
训练损失: 4.241807
验证损失: 4.251364
Epoch 921, Batch 1/5, Loss: 4.229500

Epoch 921/1000 完成 (1.38s)
训练损失: 4.254570
验证损失: 4.272052
Epoch 922, Batch 1/5, Loss: 4.239596

Epoch 922/1000 完成 (1.42s)
训练损失: 4.245426
验证损失: 4.256940
Epoch 923, Batch 1/5, Loss: 4.259120

Epoch 923/1000 完成 (1.38s)
训练损失: 4.266066
验证损失: 4.288455
Epoch 924, Batch 1/5, Loss: 4.251419

Epoch 924/1000 完成 (1.38s)
训练损失: 4.260178
验证损失: 4.256354
Epoch 925, Batch 1/5, Loss: 4.261460

Epoch 925/1000 完成 (1.39s)
训练损失: 4.259047
验证损失: 4.281381
Epoch 926, Batch 1/5, Loss: 4.262508

Epoch 926/1000 完成 (1.40s)
训练损失: 4.260022
验证损失: 4.251009
Epoch 927, Batch 1/5, Loss: 4.265103

Epoch 927/1000 完成 (1.43s)
训练损失: 4.254130
验证损失: 4.259048
Epoch 928, Batch 1/5, Loss: 4.244179

Epoch 928/1000 完成 (1.43s)
训练损失: 4.247243
验证损失: 4.245744
Epoch 929, Batch 1/5, Loss: 4.261278

Epoch 929/1000 完成 (1.38s)
训练损失: 4.256727
验证损失: 4.271490
Epoch 930, Batch 1/5, Loss: 4.265737

Epoch 930/1000 完成 (1.44s)
训练损失: 4.262522
验证损失: 4.246503
Epoch 931, Batch 1/5, Loss: 4.296370

Epoch 931/1000 完成 (1.41s)
训练损失: 4.249465
验证损失: 4.267833
Epoch 932, Batch 1/5, Loss: 4.276818

Epoch 932/1000 完成 (1.44s)
训练损失: 4.253227
验证损失: 4.262275
Epoch 933, Batch 1/5, Loss: 4.265660

Epoch 933/1000 完成 (1.38s)
训练损失: 4.253749
验证损失: 4.280069
Epoch 934, Batch 1/5, Loss: 4.249460

Epoch 934/1000 完成 (1.39s)
训练损失: 4.243891
验证损失: 4.219404
Epoch 935, Batch 1/5, Loss: 4.247702

Epoch 935/1000 完成 (1.41s)
训练损失: 4.252744
验证损失: 4.290455
Epoch 936, Batch 1/5, Loss: 4.295246

Epoch 936/1000 完成 (1.38s)
训练损失: 4.270316
验证损失: 4.273484
Epoch 937, Batch 1/5, Loss: 4.237764

Epoch 937/1000 完成 (1.39s)
训练损失: 4.264428
验证损失: 4.264724
Epoch 938, Batch 1/5, Loss: 4.272619

Epoch 938/1000 完成 (1.39s)
训练损失: 4.251433
验证损失: 4.283176
Epoch 939, Batch 1/5, Loss: 4.231051

Epoch 939/1000 完成 (1.40s)
训练损失: 4.259676
验证损失: 4.264843
Epoch 940, Batch 1/5, Loss: 4.228590

Epoch 940/1000 完成 (1.41s)
训练损失: 4.253731
验证损失: 4.281444
Epoch 941, Batch 1/5, Loss: 4.268663

Epoch 941/1000 完成 (1.41s)
训练损失: 4.264029
验证损失: 4.267966
Epoch 942, Batch 1/5, Loss: 4.261111

Epoch 942/1000 完成 (1.38s)
训练损失: 4.254319
验证损失: 4.253379
Epoch 943, Batch 1/5, Loss: 4.239151

Epoch 943/1000 完成 (1.40s)
训练损失: 4.253573
验证损失: 4.249501
Epoch 944, Batch 1/5, Loss: 4.252369

Epoch 944/1000 完成 (1.37s)
训练损失: 4.263086
验证损失: 4.275505
Epoch 945, Batch 1/5, Loss: 4.231820

Epoch 945/1000 完成 (1.42s)
训练损失: 4.242459
验证损失: 4.248112
Epoch 946, Batch 1/5, Loss: 4.237493

Epoch 946/1000 完成 (1.38s)
训练损失: 4.252379
验证损失: 4.231455
Epoch 947, Batch 1/5, Loss: 4.259783

Epoch 947/1000 完成 (1.42s)
训练损失: 4.248634
验证损失: 4.285980
Epoch 948, Batch 1/5, Loss: 4.256077

Epoch 948/1000 完成 (1.34s)
训练损失: 4.252662
验证损失: 4.262643
Epoch 949, Batch 1/5, Loss: 4.235393

Epoch 949/1000 完成 (1.40s)
训练损失: 4.263540
验证损失: 4.246824
Epoch 950, Batch 1/5, Loss: 4.251311

Epoch 950/1000 完成 (1.38s)
训练损失: 4.237102
验证损失: 4.251536
Epoch 951, Batch 1/5, Loss: 4.281694

Epoch 951/1000 完成 (1.38s)
训练损失: 4.260994
验证损失: 4.243607
Epoch 952, Batch 1/5, Loss: 4.275056

Epoch 952/1000 完成 (1.40s)
训练损失: 4.267467
验证损失: 4.240566
Epoch 953, Batch 1/5, Loss: 4.276028

Epoch 953/1000 完成 (1.39s)
训练损失: 4.250427
验证损失: 4.225802
Epoch 954, Batch 1/5, Loss: 4.252900

Epoch 954/1000 完成 (1.42s)
训练损失: 4.253826
验证损失: 4.250440
Epoch 955, Batch 1/5, Loss: 4.270862

Epoch 955/1000 完成 (1.43s)
训练损失: 4.261938
验证损失: 4.240861
Epoch 956, Batch 1/5, Loss: 4.292020

Epoch 956/1000 完成 (1.40s)
训练损失: 4.258551
验证损失: 4.246062
Epoch 957, Batch 1/5, Loss: 4.218122

Epoch 957/1000 完成 (1.42s)
训练损失: 4.247281
验证损失: 4.281816
Epoch 958, Batch 1/5, Loss: 4.246903

Epoch 958/1000 完成 (1.39s)
训练损失: 4.259873
验证损失: 4.253567
Epoch 959, Batch 1/5, Loss: 4.225502

Epoch 959/1000 完成 (1.41s)
训练损失: 4.255213
验证损失: 4.262370
Epoch 960, Batch 1/5, Loss: 4.242066

Epoch 960/1000 完成 (1.41s)
训练损失: 4.255642
验证损失: 4.281472
Epoch 961, Batch 1/5, Loss: 4.246972

Epoch 961/1000 完成 (1.41s)
训练损失: 4.254451
验证损失: 4.308479
Epoch 962, Batch 1/5, Loss: 4.237511

Epoch 962/1000 完成 (1.41s)
训练损失: 4.244488
验证损失: 4.262450
Epoch 963, Batch 1/5, Loss: 4.251505

Epoch 963/1000 完成 (1.37s)
训练损失: 4.261327
验证损失: 4.255062
Epoch 964, Batch 1/5, Loss: 4.263677

Epoch 964/1000 完成 (1.43s)
训练损失: 4.270012
验证损失: 4.282612
Epoch 965, Batch 1/5, Loss: 4.241968

Epoch 965/1000 完成 (1.40s)
训练损失: 4.244553
验证损失: 4.284886
Epoch 966, Batch 1/5, Loss: 4.268939

Epoch 966/1000 完成 (1.41s)
训练损失: 4.251427
验证损失: 4.257484
Epoch 967, Batch 1/5, Loss: 4.274383

Epoch 967/1000 完成 (1.39s)
训练损失: 4.256571
验证损失: 4.257025
Epoch 968, Batch 1/5, Loss: 4.279002

Epoch 968/1000 完成 (1.38s)
训练损失: 4.260531
验证损失: 4.233479
Epoch 969, Batch 1/5, Loss: 4.278429

Epoch 969/1000 完成 (1.39s)
训练损失: 4.268069
验证损失: 4.277643
Epoch 970, Batch 1/5, Loss: 4.245628

Epoch 970/1000 完成 (1.41s)
训练损失: 4.252372
验证损失: 4.258688
Epoch 971, Batch 1/5, Loss: 4.238708

Epoch 971/1000 完成 (1.41s)
训练损失: 4.254756
验证损失: 4.256579
Epoch 972, Batch 1/5, Loss: 4.267055

Epoch 972/1000 完成 (1.38s)
训练损失: 4.253319
验证损失: 4.250515
Epoch 973, Batch 1/5, Loss: 4.248890

Epoch 973/1000 完成 (1.37s)
训练损失: 4.252825
验证损失: 4.278960
Epoch 974, Batch 1/5, Loss: 4.250234

Epoch 974/1000 完成 (1.42s)
训练损失: 4.262836
验证损失: 4.235503
Epoch 975, Batch 1/5, Loss: 4.220408

Epoch 975/1000 完成 (1.40s)
训练损失: 4.249654
验证损失: 4.296052
Epoch 976, Batch 1/5, Loss: 4.263455

Epoch 976/1000 完成 (1.37s)
训练损失: 4.257282
验证损失: 4.241888
Epoch 977, Batch 1/5, Loss: 4.250722

Epoch 977/1000 完成 (1.37s)
训练损失: 4.263526
验证损失: 4.249213
Epoch 978, Batch 1/5, Loss: 4.276185

Epoch 978/1000 完成 (1.37s)
训练损失: 4.254509
验证损失: 4.256770
Epoch 979, Batch 1/5, Loss: 4.274966

Epoch 979/1000 完成 (1.41s)
训练损失: 4.254421
验证损失: 4.237952
Epoch 980, Batch 1/5, Loss: 4.247218

Epoch 980/1000 完成 (1.38s)
训练损失: 4.258129
验证损失: 4.256996
Epoch 981, Batch 1/5, Loss: 4.283533

Epoch 981/1000 完成 (1.36s)
训练损失: 4.269776
验证损失: 4.279562
Epoch 982, Batch 1/5, Loss: 4.255371

Epoch 982/1000 完成 (1.37s)
训练损失: 4.252732
验证损失: 4.276705
Epoch 983, Batch 1/5, Loss: 4.257885

Epoch 983/1000 完成 (1.44s)
训练损失: 4.258274
验证损失: 4.282433
Epoch 984, Batch 1/5, Loss: 4.281253

Epoch 984/1000 完成 (1.40s)
训练损失: 4.263783
验证损失: 4.250534
Epoch 985, Batch 1/5, Loss: 4.241473

Epoch 985/1000 完成 (1.39s)
训练损失: 4.243026
验证损失: 4.274141
Epoch 986, Batch 1/5, Loss: 4.264121

Epoch 986/1000 完成 (1.39s)
训练损失: 4.251728
验证损失: 4.244934
Epoch 987, Batch 1/5, Loss: 4.255978

Epoch 987/1000 完成 (1.37s)
训练损失: 4.257074
验证损失: 4.292736
Epoch 988, Batch 1/5, Loss: 4.276206

Epoch 988/1000 完成 (1.36s)
训练损失: 4.270360
验证损失: 4.292470
Epoch 989, Batch 1/5, Loss: 4.245190

Epoch 989/1000 完成 (1.39s)
训练损失: 4.245455
验证损失: 4.268712
Epoch 990, Batch 1/5, Loss: 4.247951

Epoch 990/1000 完成 (1.38s)
训练损失: 4.246049
验证损失: 4.278338
Epoch 991, Batch 1/5, Loss: 4.278869

Epoch 991/1000 完成 (1.36s)
训练损失: 4.261612
验证损失: 4.277126
Epoch 992, Batch 1/5, Loss: 4.274932

Epoch 992/1000 完成 (1.36s)
训练损失: 4.257670
验证损失: 4.263927
Epoch 993, Batch 1/5, Loss: 4.259796

Epoch 993/1000 完成 (1.41s)
训练损失: 4.265849
验证损失: 4.254953
Epoch 994, Batch 1/5, Loss: 4.246121

Epoch 994/1000 完成 (1.37s)
训练损失: 4.251220
验证损失: 4.253516
Epoch 995, Batch 1/5, Loss: 4.245223

Epoch 995/1000 完成 (1.39s)
训练损失: 4.265001
验证损失: 4.288883
Epoch 996, Batch 1/5, Loss: 4.257371

Epoch 996/1000 完成 (1.41s)
训练损失: 4.248884
验证损失: 4.262243
Epoch 997, Batch 1/5, Loss: 4.255408

Epoch 997/1000 完成 (1.40s)
训练损失: 4.261227
验证损失: 4.257999
Epoch 998, Batch 1/5, Loss: 4.247204

Epoch 998/1000 完成 (1.40s)
训练损失: 4.247403
验证损失: 4.258341
Epoch 999, Batch 1/5, Loss: 4.261153

Epoch 999/1000 完成 (1.40s)
训练损失: 4.263002
验证损失: 4.273183
Epoch 1000, Batch 1/5, Loss: 4.262040

Epoch 1000/1000 完成 (1.42s)
训练损失: 4.258003
验证损失: 4.238272
训练完成！
